2024-01-30 19:41:29.327 [info] Extension host with pid 435986 started
2024-01-30 19:41:29.327 [error] Error: listen EACCES: permission denied /run/user/15541343/vscode-ipc-77d3c7e3-39ed-48f4-92b3-afcc44de59b8.sock
    at Server.setupListenHandle [as _listen2] (node:net:1446:21)
    at listenInCluster (node:net:1511:12)
    at Server.listen (node:net:1610:5)
    at e.$DL.g (/sfs/applications/202312/software/standard/core/code-server/4.16.1/lib/vscode/out/vs/workbench/api/node/extensionHostProcess.js:127:22961)
    at new g (/sfs/applications/202312/software/standard/core/code-server/4.16.1/lib/vscode/out/vs/workbench/api/node/extensionHostProcess.js:127:22876)
    at new e.$DL (/sfs/applications/202312/software/standard/core/code-server/4.16.1/lib/vscode/out/vs/workbench/api/node/extensionHostProcess.js:127:24930)
    at w.j (/sfs/applications/202312/software/standard/core/code-server/4.16.1/lib/vscode/out/vs/workbench/api/node/extensionHostProcess.js:85:1241)
    at w.createInstance (/sfs/applications/202312/software/standard/core/code-server/4.16.1/lib/vscode/out/vs/workbench/api/node/extensionHostProcess.js:85:733)
    at u.pb (/sfs/applications/202312/software/standard/core/code-server/4.16.1/lib/vscode/out/vs/workbench/api/node/extensionHostProcess.js:127:25868)
    at u.initialize (/sfs/applications/202312/software/standard/core/code-server/4.16.1/lib/vscode/out/vs/workbench/api/node/extensionHostProcess.js:113:8026)
    at new c (/sfs/applications/202312/software/standard/core/code-server/4.16.1/lib/vscode/out/vs/workbench/api/node/extensionHostProcess.js:117:1334)
    at d (/sfs/applications/202312/software/standard/core/code-server/4.16.1/lib/vscode/out/vs/workbench/api/node/extensionHostProcess.js:127:32782)
2024-01-30 19:41:29.350 [info] Lock '/home/mxg9xv/.local/share/code-server/User/workspaceStorage/-2ae2985/vscode.lock': Lock acquired.
2024-01-30 19:41:29.461 [info] ExtensionService#_doActivateExtension vscode.git-base, startup: true, activationEvent: '*'
2024-01-30 19:41:29.552 [info] ExtensionService#_doActivateExtension vscode.github, startup: true, activationEvent: '*'
2024-01-30 19:41:29.692 [info] Eager extensions activated
2024-01-30 19:41:29.692 [info] ExtensionService#_doActivateExtension vscode.debug-auto-launch, startup: false, activationEvent: 'onStartupFinished'
2024-01-30 19:41:29.692 [info] ExtensionService#_doActivateExtension vscode.merge-conflict, startup: false, activationEvent: 'onStartupFinished'
2024-01-30 19:41:34.701 [info] ExtensionService#_doActivateExtension vscode.git, startup: false, activationEvent: 'api', root cause: vscode.github
2024-01-30 19:41:36.925 [debug] ProxyResolver#getCaCertificates count 137
2024-01-30 19:41:36.926 [debug] ProxyResolver#resolveProxy unconfigured https://mobile.events.data.microsoft.com/OneCollector/1.0?cors=true&content-type=application/x-json-stream DIRECT 
2024-01-30 19:41:37.603 [info] ExtensionService#_doActivateExtension vscode.json-language-features, startup: false, activationEvent: 'onLanguage:jsonc'
2024-01-30 19:41:37.603 [info] ExtensionService#_doActivateExtension vscode.typescript-language-features, startup: false, activationEvent: 'onLanguage:jsonc'
2024-01-30 19:41:37.604 [info] ExtensionService#_doActivateExtension vscode.emmet, startup: false, activationEvent: 'onLanguage'
2024-01-30 19:41:37.911 [debug] ProxyResolver#resolveProxy unconfigured https://default.exp-tas.com/vscode/ab DIRECT 
2024-01-30 19:42:00.385 [debug] ProxyResolver#resolveProxy unconfigured https://mobile.events.data.microsoft.com/OneCollector/1.0?cors=true&content-type=application/x-json-stream DIRECT 
2024-01-30 19:42:05.931 [info] ExtensionService#_doActivateExtension vscode.ipynb, startup: false, activationEvent: 'onNotebookSerializer:jupyter-notebook'
2024-01-30 19:42:07.430 [debug] ExtHostNotebook#$acceptEditorPropertiesChanged e46df883-a6cf-4d26-880a-97a94c39cd19 {"selections":{"selections":[{"start":0,"end":1}]}}
2024-01-30 19:42:07.430 [debug] ExtHostNotebook#$acceptEditorPropertiesChanged e46df883-a6cf-4d26-880a-97a94c39cd19 {"visibleRanges":{"ranges":[{"start":0,"end":15}]}}
2024-01-30 19:42:07.431 [debug] ExtHostNotebook#$acceptEditorPropertiesChanged e46df883-a6cf-4d26-880a-97a94c39cd19 {"selections":{"selections":[{"start":0,"end":1}]}}
2024-01-30 19:42:07.542 [debug] ExtHostNotebook#$acceptEditorPropertiesChanged e46df883-a6cf-4d26-880a-97a94c39cd19 {"visibleRanges":{"ranges":[{"start":0,"end":13}]}}
2024-01-30 19:42:07.636 [debug] ExtHostNotebook#$acceptEditorPropertiesChanged e46df883-a6cf-4d26-880a-97a94c39cd19 {"visibleRanges":{"ranges":[{"start":0,"end":12}]}}
2024-01-30 19:42:09.530 [debug] ExtHostNotebook#$acceptEditorPropertiesChanged e46df883-a6cf-4d26-880a-97a94c39cd19 {"visibleRanges":{"ranges":[{"start":0,"end":13}]}}
2024-01-30 19:42:09.728 [debug] ExtHostNotebook#$acceptEditorPropertiesChanged e46df883-a6cf-4d26-880a-97a94c39cd19 {"visibleRanges":{"ranges":[{"start":1,"end":13}]}}
2024-01-30 19:42:10.121 [debug] ExtHostNotebook#$acceptEditorPropertiesChanged e46df883-a6cf-4d26-880a-97a94c39cd19 {"visibleRanges":{"ranges":[{"start":2,"end":14}]}}
2024-01-30 19:42:10.564 [debug] ExtHostNotebook#$acceptEditorPropertiesChanged e46df883-a6cf-4d26-880a-97a94c39cd19 {"visibleRanges":{"ranges":[{"start":3,"end":15}]}}
2024-01-30 19:42:11.216 [debug] ExtHostNotebook#$acceptEditorPropertiesChanged e46df883-a6cf-4d26-880a-97a94c39cd19 {"visibleRanges":{"ranges":[{"start":4,"end":16}]}}
2024-01-30 19:42:11.217 [debug] ExtHostNotebook#$acceptEditorPropertiesChanged e46df883-a6cf-4d26-880a-97a94c39cd19 {"visibleRanges":{"ranges":[{"start":5,"end":16}]}}
2024-01-30 19:42:11.698 [debug] ExtHostNotebook#$acceptEditorPropertiesChanged e46df883-a6cf-4d26-880a-97a94c39cd19 {"visibleRanges":{"ranges":[{"start":6,"end":16}]}}
2024-01-30 19:42:12.078 [debug] ExtHostNotebook#$acceptEditorPropertiesChanged e46df883-a6cf-4d26-880a-97a94c39cd19 {"visibleRanges":{"ranges":[{"start":6,"end":17}]}}
2024-01-30 19:42:12.160 [debug] ExtHostNotebook#$acceptEditorPropertiesChanged e46df883-a6cf-4d26-880a-97a94c39cd19 {"visibleRanges":{"ranges":[{"start":7,"end":18}]}}
2024-01-30 19:42:12.686 [debug] ExtHostNotebook#$acceptEditorPropertiesChanged e46df883-a6cf-4d26-880a-97a94c39cd19 {"visibleRanges":{"ranges":[{"start":7,"end":19}]}}
2024-01-30 19:42:12.716 [debug] ExtHostNotebook#$acceptEditorPropertiesChanged e46df883-a6cf-4d26-880a-97a94c39cd19 {"visibleRanges":{"ranges":[{"start":8,"end":19}]}}
2024-01-30 19:42:12.766 [debug] ExtHostNotebook#$acceptEditorPropertiesChanged e46df883-a6cf-4d26-880a-97a94c39cd19 {"visibleRanges":{"ranges":[{"start":8,"end":20}]}}
2024-01-30 19:42:13.418 [debug] ExtHostNotebook#$acceptEditorPropertiesChanged e46df883-a6cf-4d26-880a-97a94c39cd19 {"visibleRanges":{"ranges":[{"start":8,"end":19}]}}
2024-01-30 19:42:13.436 [debug] ExtHostNotebook#$acceptEditorPropertiesChanged e46df883-a6cf-4d26-880a-97a94c39cd19 {"visibleRanges":{"ranges":[{"start":7,"end":19}]}}
2024-01-30 19:42:13.458 [debug] ExtHostNotebook#$acceptEditorPropertiesChanged e46df883-a6cf-4d26-880a-97a94c39cd19 {"visibleRanges":{"ranges":[{"start":7,"end":18}]}}
2024-01-30 19:42:13.467 [debug] ExtHostNotebook#$acceptEditorPropertiesChanged e46df883-a6cf-4d26-880a-97a94c39cd19 {"visibleRanges":{"ranges":[{"start":6,"end":17}]}}
2024-01-30 19:42:13.503 [debug] ExtHostNotebook#$acceptEditorPropertiesChanged e46df883-a6cf-4d26-880a-97a94c39cd19 {"visibleRanges":{"ranges":[{"start":6,"end":16}]}}
2024-01-30 19:42:13.575 [debug] ExtHostNotebook#$acceptEditorPropertiesChanged e46df883-a6cf-4d26-880a-97a94c39cd19 {"visibleRanges":{"ranges":[{"start":5,"end":16}]}}
2024-01-30 19:42:13.845 [debug] ExtHostNotebook#$acceptEditorPropertiesChanged e46df883-a6cf-4d26-880a-97a94c39cd19 {"visibleRanges":{"ranges":[{"start":4,"end":16}]}}
2024-01-30 19:42:13.872 [debug] ExtHostNotebook#$acceptEditorPropertiesChanged e46df883-a6cf-4d26-880a-97a94c39cd19 {"visibleRanges":{"ranges":[{"start":3,"end":15}]}}
2024-01-30 19:42:13.903 [debug] ExtHostNotebook#$acceptEditorPropertiesChanged e46df883-a6cf-4d26-880a-97a94c39cd19 {"visibleRanges":{"ranges":[{"start":2,"end":14}]}}
2024-01-30 19:42:13.921 [debug] ExtHostNotebook#$acceptEditorPropertiesChanged e46df883-a6cf-4d26-880a-97a94c39cd19 {"visibleRanges":{"ranges":[{"start":1,"end":13}]}}
2024-01-30 19:42:14.164 [debug] ExtHostNotebook#$acceptEditorPropertiesChanged e46df883-a6cf-4d26-880a-97a94c39cd19 {"visibleRanges":{"ranges":[{"start":0,"end":13}]}}
2024-01-30 19:42:14.196 [debug] ExtHostNotebook#$acceptEditorPropertiesChanged e46df883-a6cf-4d26-880a-97a94c39cd19 {"visibleRanges":{"ranges":[{"start":0,"end":12}]}}
2024-01-30 19:43:10.116 [debug] ExtHostNotebook#$acceptEditorPropertiesChanged e46df883-a6cf-4d26-880a-97a94c39cd19 {"visibleRanges":{"ranges":[{"start":0,"end":13}]}}
2024-01-30 19:43:10.117 [debug] ExtHostNotebook#$acceptEditorPropertiesChanged e46df883-a6cf-4d26-880a-97a94c39cd19 {"visibleRanges":{"ranges":[{"start":1,"end":13}]}}
2024-01-30 19:43:10.179 [debug] ExtHostNotebook#$acceptEditorPropertiesChanged e46df883-a6cf-4d26-880a-97a94c39cd19 {"visibleRanges":{"ranges":[{"start":2,"end":14}]}}
2024-01-30 19:43:10.392 [debug] ExtHostNotebook#$acceptEditorPropertiesChanged e46df883-a6cf-4d26-880a-97a94c39cd19 {"visibleRanges":{"ranges":[{"start":1,"end":13}]}}
2024-01-30 19:43:10.707 [debug] ExtHostNotebook#$acceptEditorPropertiesChanged e46df883-a6cf-4d26-880a-97a94c39cd19 {"visibleRanges":{"ranges":[{"start":2,"end":14}]}}
2024-01-30 19:43:10.748 [debug] ExtHostNotebook#$acceptEditorPropertiesChanged e46df883-a6cf-4d26-880a-97a94c39cd19 {"visibleRanges":{"ranges":[{"start":3,"end":15}]}}
2024-01-30 19:43:10.788 [debug] ExtHostNotebook#$acceptEditorPropertiesChanged e46df883-a6cf-4d26-880a-97a94c39cd19 {"visibleRanges":{"ranges":[{"start":5,"end":16}]}}
2024-01-30 19:43:11.069 [debug] ExtHostNotebook#$acceptEditorPropertiesChanged e46df883-a6cf-4d26-880a-97a94c39cd19 {"visibleRanges":{"ranges":[{"start":6,"end":16}]}}
2024-01-30 19:43:11.092 [debug] ExtHostNotebook#$acceptEditorPropertiesChanged e46df883-a6cf-4d26-880a-97a94c39cd19 {"visibleRanges":{"ranges":[{"start":6,"end":17}]}}
2024-01-30 19:43:11.120 [debug] ExtHostNotebook#$acceptEditorPropertiesChanged e46df883-a6cf-4d26-880a-97a94c39cd19 {"visibleRanges":{"ranges":[{"start":7,"end":18}]}}
2024-01-30 19:43:11.137 [debug] ExtHostNotebook#$acceptEditorPropertiesChanged e46df883-a6cf-4d26-880a-97a94c39cd19 {"visibleRanges":{"ranges":[{"start":7,"end":19}]}}
2024-01-30 19:43:11.171 [debug] ExtHostNotebook#$acceptEditorPropertiesChanged e46df883-a6cf-4d26-880a-97a94c39cd19 {"visibleRanges":{"ranges":[{"start":8,"end":20}]}}
2024-01-30 19:43:11.397 [debug] ExtHostNotebook#$acceptEditorPropertiesChanged e46df883-a6cf-4d26-880a-97a94c39cd19 {"visibleRanges":{"ranges":[{"start":9,"end":21}]}}
2024-01-30 19:43:11.456 [debug] ExtHostNotebook#$acceptEditorPropertiesChanged e46df883-a6cf-4d26-880a-97a94c39cd19 {"visibleRanges":{"ranges":[{"start":10,"end":22}]}}
2024-01-30 19:43:11.469 [debug] ExtHostNotebook#$acceptEditorPropertiesChanged e46df883-a6cf-4d26-880a-97a94c39cd19 {"visibleRanges":{"ranges":[{"start":11,"end":23}]}}
2024-01-30 19:43:11.506 [debug] ExtHostNotebook#$acceptEditorPropertiesChanged e46df883-a6cf-4d26-880a-97a94c39cd19 {"visibleRanges":{"ranges":[{"start":12,"end":24}]}}
2024-01-30 19:43:11.748 [debug] ExtHostNotebook#$acceptEditorPropertiesChanged e46df883-a6cf-4d26-880a-97a94c39cd19 {"visibleRanges":{"ranges":[{"start":12,"end":25}]}}
2024-01-30 19:43:11.766 [debug] ExtHostNotebook#$acceptEditorPropertiesChanged e46df883-a6cf-4d26-880a-97a94c39cd19 {"visibleRanges":{"ranges":[{"start":13,"end":25}]}}
2024-01-30 19:43:11.793 [debug] ExtHostNotebook#$acceptEditorPropertiesChanged e46df883-a6cf-4d26-880a-97a94c39cd19 {"visibleRanges":{"ranges":[{"start":14,"end":27}]}}
2024-01-30 19:43:11.821 [debug] ExtHostNotebook#$acceptEditorPropertiesChanged e46df883-a6cf-4d26-880a-97a94c39cd19 {"visibleRanges":{"ranges":[{"start":15,"end":28}]}}
2024-01-30 19:43:12.117 [debug] ExtHostNotebook#$acceptEditorPropertiesChanged e46df883-a6cf-4d26-880a-97a94c39cd19 {"visibleRanges":{"ranges":[{"start":17,"end":28}]}}
2024-01-30 19:43:12.161 [debug] ExtHostNotebook#$acceptEditorPropertiesChanged e46df883-a6cf-4d26-880a-97a94c39cd19 {"visibleRanges":{"ranges":[{"start":18,"end":28}]}}
2024-01-30 19:43:15.533 [debug] ExtHostNotebook#$acceptEditorPropertiesChanged 00511acb-4174-420f-be10-16b33e4f101b {"selections":{"selections":[{"start":0,"end":1}]}}
2024-01-30 19:43:15.533 [debug] ExtHostNotebook#$acceptEditorPropertiesChanged 00511acb-4174-420f-be10-16b33e4f101b {"visibleRanges":{"ranges":[{"start":0,"end":13}]}}
2024-01-30 19:43:15.533 [debug] ExtHostNotebook#$acceptEditorPropertiesChanged 00511acb-4174-420f-be10-16b33e4f101b {"selections":{"selections":[{"start":0,"end":1}]}}
2024-01-30 19:43:15.556 [debug] ExtHostNotebook#$acceptEditorPropertiesChanged 00511acb-4174-420f-be10-16b33e4f101b {"visibleRanges":{"ranges":[{"start":0,"end":12}]}}
2024-01-30 19:43:16.200 [debug] ExtHostNotebook#$acceptEditorPropertiesChanged 00511acb-4174-420f-be10-16b33e4f101b {"visibleRanges":{"ranges":[{"start":0,"end":13}]}}
2024-01-30 19:43:16.249 [debug] ExtHostNotebook#$acceptEditorPropertiesChanged 00511acb-4174-420f-be10-16b33e4f101b {"visibleRanges":{"ranges":[{"start":1,"end":14}]}}
2024-01-30 19:43:16.598 [debug] ExtHostNotebook#$acceptEditorPropertiesChanged 00511acb-4174-420f-be10-16b33e4f101b {"visibleRanges":{"ranges":[{"start":1,"end":15}]}}
2024-01-30 19:43:16.646 [debug] ExtHostNotebook#$acceptEditorPropertiesChanged 00511acb-4174-420f-be10-16b33e4f101b {"visibleRanges":{"ranges":[{"start":2,"end":16}]}}
2024-01-30 19:43:17.005 [debug] ExtHostNotebook#$acceptEditorPropertiesChanged 00511acb-4174-420f-be10-16b33e4f101b {"visibleRanges":{"ranges":[{"start":3,"end":16}]}}
2024-01-30 19:43:19.886 [debug] ExtHostNotebook#$acceptEditorPropertiesChanged 00511acb-4174-420f-be10-16b33e4f101b {"visibleRanges":{"ranges":[{"start":4,"end":16}]}}
2024-01-30 19:43:19.924 [debug] ExtHostNotebook#$acceptEditorPropertiesChanged 00511acb-4174-420f-be10-16b33e4f101b {"visibleRanges":{"ranges":[{"start":4,"end":17}]}}
2024-01-30 19:43:19.973 [debug] ExtHostNotebook#$acceptEditorPropertiesChanged 00511acb-4174-420f-be10-16b33e4f101b {"visibleRanges":{"ranges":[{"start":5,"end":17}]}}
2024-01-30 19:43:20.845 [debug] ExtHostNotebook#$acceptEditorPropertiesChanged 00511acb-4174-420f-be10-16b33e4f101b {"visibleRanges":{"ranges":[{"start":6,"end":18}]}}
2024-01-30 19:43:20.903 [debug] ExtHostNotebook#$acceptEditorPropertiesChanged 00511acb-4174-420f-be10-16b33e4f101b {"visibleRanges":{"ranges":[{"start":7,"end":18}]}}
2024-01-30 19:43:20.970 [debug] ExtHostNotebook#$acceptEditorPropertiesChanged 00511acb-4174-420f-be10-16b33e4f101b {"visibleRanges":{"ranges":[{"start":7,"end":19}]}}
2024-01-30 19:43:21.334 [debug] ExtHostNotebook#$acceptEditorPropertiesChanged 00511acb-4174-420f-be10-16b33e4f101b {"visibleRanges":{"ranges":[{"start":8,"end":19}]}}
2024-01-30 19:43:21.382 [debug] ExtHostNotebook#$acceptEditorPropertiesChanged 00511acb-4174-420f-be10-16b33e4f101b {"visibleRanges":{"ranges":[{"start":9,"end":20}]}}
2024-01-30 19:43:21.797 [debug] ExtHostNotebook#$acceptEditorPropertiesChanged 00511acb-4174-420f-be10-16b33e4f101b {"visibleRanges":{"ranges":[{"start":10,"end":21}]}}
2024-01-30 19:43:21.833 [debug] ExtHostNotebook#$acceptEditorPropertiesChanged 00511acb-4174-420f-be10-16b33e4f101b {"visibleRanges":{"ranges":[{"start":11,"end":21}]}}
2024-01-30 19:43:21.887 [debug] ExtHostNotebook#$acceptEditorPropertiesChanged 00511acb-4174-420f-be10-16b33e4f101b {"visibleRanges":{"ranges":[{"start":12,"end":21}]}}
2024-01-30 19:43:21.924 [debug] ExtHostNotebook#$acceptEditorPropertiesChanged 00511acb-4174-420f-be10-16b33e4f101b {"visibleRanges":{"ranges":[{"start":12,"end":22}]}}
2024-01-30 19:43:22.238 [debug] ExtHostNotebook#$acceptEditorPropertiesChanged 00511acb-4174-420f-be10-16b33e4f101b {"visibleRanges":{"ranges":[{"start":13,"end":22}]}}
2024-01-30 19:43:22.262 [debug] ExtHostNotebook#$acceptEditorPropertiesChanged 00511acb-4174-420f-be10-16b33e4f101b {"visibleRanges":{"ranges":[{"start":13,"end":23}]}}
2024-01-30 19:43:22.280 [debug] ExtHostNotebook#$acceptEditorPropertiesChanged 00511acb-4174-420f-be10-16b33e4f101b {"visibleRanges":{"ranges":[{"start":14,"end":24}]}}
2024-01-30 19:43:22.341 [debug] ExtHostNotebook#$acceptEditorPropertiesChanged 00511acb-4174-420f-be10-16b33e4f101b {"visibleRanges":{"ranges":[{"start":15,"end":25}]}}
2024-01-30 19:43:22.720 [debug] ExtHostNotebook#$acceptEditorPropertiesChanged 00511acb-4174-420f-be10-16b33e4f101b {"visibleRanges":{"ranges":[{"start":15,"end":26}]}}
2024-01-30 19:43:22.751 [debug] ExtHostNotebook#$acceptEditorPropertiesChanged 00511acb-4174-420f-be10-16b33e4f101b {"visibleRanges":{"ranges":[{"start":16,"end":27}]}}
2024-01-30 19:43:23.115 [debug] ExtHostNotebook#$acceptEditorPropertiesChanged 00511acb-4174-420f-be10-16b33e4f101b {"visibleRanges":{"ranges":[{"start":17,"end":27}]}}
2024-01-30 19:43:23.132 [debug] ExtHostNotebook#$acceptEditorPropertiesChanged 00511acb-4174-420f-be10-16b33e4f101b {"visibleRanges":{"ranges":[{"start":17,"end":28}]}}
2024-01-30 19:43:23.175 [debug] ExtHostNotebook#$acceptEditorPropertiesChanged 00511acb-4174-420f-be10-16b33e4f101b {"visibleRanges":{"ranges":[{"start":18,"end":29}]}}
2024-01-30 19:43:23.178 [debug] ExtHostNotebook#$acceptEditorPropertiesChanged 00511acb-4174-420f-be10-16b33e4f101b {"visibleRanges":{"ranges":[{"start":18,"end":30}]}}
2024-01-30 19:43:23.494 [debug] ExtHostNotebook#$acceptEditorPropertiesChanged 00511acb-4174-420f-be10-16b33e4f101b {"visibleRanges":{"ranges":[{"start":19,"end":30}]}}
2024-01-30 19:43:23.533 [debug] ExtHostNotebook#$acceptEditorPropertiesChanged 00511acb-4174-420f-be10-16b33e4f101b {"visibleRanges":{"ranges":[{"start":19,"end":31}]}}
2024-01-30 19:43:23.534 [debug] ExtHostNotebook#$acceptEditorPropertiesChanged 00511acb-4174-420f-be10-16b33e4f101b {"visibleRanges":{"ranges":[{"start":20,"end":31}]}}
2024-01-30 19:43:23.546 [debug] ExtHostNotebook#$acceptEditorPropertiesChanged 00511acb-4174-420f-be10-16b33e4f101b {"visibleRanges":{"ranges":[{"start":20,"end":32}]}}
2024-01-30 19:43:23.989 [debug] ExtHostNotebook#$acceptEditorPropertiesChanged 00511acb-4174-420f-be10-16b33e4f101b {"visibleRanges":{"ranges":[{"start":20,"end":31}]}}
2024-01-30 19:43:24.032 [debug] ExtHostNotebook#$acceptEditorPropertiesChanged 00511acb-4174-420f-be10-16b33e4f101b {"visibleRanges":{"ranges":[{"start":19,"end":30}]}}
2024-01-30 19:43:24.050 [debug] ExtHostNotebook#$acceptEditorPropertiesChanged 00511acb-4174-420f-be10-16b33e4f101b {"visibleRanges":{"ranges":[{"start":18,"end":30}]}}
2024-01-30 19:43:24.065 [debug] ExtHostNotebook#$acceptEditorPropertiesChanged 00511acb-4174-420f-be10-16b33e4f101b {"visibleRanges":{"ranges":[{"start":18,"end":29}]}}
2024-01-30 19:43:24.091 [debug] ExtHostNotebook#$acceptEditorPropertiesChanged 00511acb-4174-420f-be10-16b33e4f101b {"visibleRanges":{"ranges":[{"start":17,"end":28}]}}
2024-01-30 19:43:24.382 [debug] ExtHostNotebook#$acceptEditorPropertiesChanged 00511acb-4174-420f-be10-16b33e4f101b {"visibleRanges":{"ranges":[{"start":16,"end":27}]}}
2024-01-30 19:43:24.407 [debug] ExtHostNotebook#$acceptEditorPropertiesChanged 00511acb-4174-420f-be10-16b33e4f101b {"visibleRanges":{"ranges":[{"start":15,"end":26}]}}
2024-01-30 19:43:24.429 [debug] ExtHostNotebook#$acceptEditorPropertiesChanged 00511acb-4174-420f-be10-16b33e4f101b {"visibleRanges":{"ranges":[{"start":15,"end":25}]}}
2024-01-30 19:43:24.469 [debug] ExtHostNotebook#$acceptEditorPropertiesChanged 00511acb-4174-420f-be10-16b33e4f101b {"visibleRanges":{"ranges":[{"start":14,"end":24}]}}
2024-01-30 19:43:24.751 [debug] ExtHostNotebook#$acceptEditorPropertiesChanged 00511acb-4174-420f-be10-16b33e4f101b {"visibleRanges":{"ranges":[{"start":13,"end":23}]}}
2024-01-30 19:43:24.761 [debug] ExtHostNotebook#$acceptEditorPropertiesChanged 00511acb-4174-420f-be10-16b33e4f101b {"visibleRanges":{"ranges":[{"start":13,"end":22}]}}
2024-01-30 19:43:24.784 [debug] ExtHostNotebook#$acceptEditorPropertiesChanged 00511acb-4174-420f-be10-16b33e4f101b {"visibleRanges":{"ranges":[{"start":12,"end":22}]}}
2024-01-30 19:43:24.798 [debug] ExtHostNotebook#$acceptEditorPropertiesChanged 00511acb-4174-420f-be10-16b33e4f101b {"visibleRanges":{"ranges":[{"start":11,"end":21}]}}
2024-01-30 19:43:24.830 [debug] ExtHostNotebook#$acceptEditorPropertiesChanged 00511acb-4174-420f-be10-16b33e4f101b {"visibleRanges":{"ranges":[{"start":9,"end":20}]}}
2024-01-30 19:43:25.148 [debug] ExtHostNotebook#$acceptEditorPropertiesChanged 00511acb-4174-420f-be10-16b33e4f101b {"visibleRanges":{"ranges":[{"start":8,"end":19}]}}
2024-01-30 19:43:25.175 [debug] ExtHostNotebook#$acceptEditorPropertiesChanged 00511acb-4174-420f-be10-16b33e4f101b {"visibleRanges":{"ranges":[{"start":7,"end":19}]}}
2024-01-30 19:43:25.193 [debug] ExtHostNotebook#$acceptEditorPropertiesChanged 00511acb-4174-420f-be10-16b33e4f101b {"visibleRanges":{"ranges":[{"start":7,"end":18}]}}
2024-01-30 19:43:25.215 [debug] ExtHostNotebook#$acceptEditorPropertiesChanged 00511acb-4174-420f-be10-16b33e4f101b {"visibleRanges":{"ranges":[{"start":5,"end":17}]}}
2024-01-30 19:43:25.548 [debug] ExtHostNotebook#$acceptEditorPropertiesChanged 00511acb-4174-420f-be10-16b33e4f101b {"visibleRanges":{"ranges":[{"start":4,"end":17}]}}
2024-01-30 19:43:25.589 [debug] ExtHostNotebook#$acceptEditorPropertiesChanged 00511acb-4174-420f-be10-16b33e4f101b {"visibleRanges":{"ranges":[{"start":4,"end":16}]}}
2024-01-30 19:43:25.604 [debug] ExtHostNotebook#$acceptEditorPropertiesChanged 00511acb-4174-420f-be10-16b33e4f101b {"visibleRanges":{"ranges":[{"start":3,"end":16}]}}
2024-01-30 19:43:25.615 [debug] ExtHostNotebook#$acceptEditorPropertiesChanged 00511acb-4174-420f-be10-16b33e4f101b {"visibleRanges":{"ranges":[{"start":2,"end":16}]}}
2024-01-30 19:43:25.646 [debug] ExtHostNotebook#$acceptEditorPropertiesChanged 00511acb-4174-420f-be10-16b33e4f101b {"visibleRanges":{"ranges":[{"start":1,"end":15}]}}
2024-01-30 19:43:25.997 [debug] ExtHostNotebook#$acceptEditorPropertiesChanged 00511acb-4174-420f-be10-16b33e4f101b {"visibleRanges":{"ranges":[{"start":1,"end":14}]}}
2024-01-30 19:43:26.037 [debug] ExtHostNotebook#$acceptEditorPropertiesChanged 00511acb-4174-420f-be10-16b33e4f101b {"visibleRanges":{"ranges":[{"start":0,"end":13}]}}
2024-01-30 19:43:26.078 [debug] ExtHostNotebook#$acceptEditorPropertiesChanged 00511acb-4174-420f-be10-16b33e4f101b {"visibleRanges":{"ranges":[{"start":0,"end":12}]}}
2024-01-30 19:43:32.121 [debug] ExtHostNotebook#$acceptEditorPropertiesChanged 1617a637-0ebb-456a-acac-fb57a42ae688 {"selections":{"selections":[{"start":0,"end":1}]}}
2024-01-30 19:43:32.121 [debug] ExtHostNotebook#$acceptEditorPropertiesChanged 1617a637-0ebb-456a-acac-fb57a42ae688 {"visibleRanges":{"ranges":[{"start":0,"end":16}]}}
2024-01-30 19:43:32.121 [debug] ExtHostNotebook#$acceptEditorPropertiesChanged 1617a637-0ebb-456a-acac-fb57a42ae688 {"selections":{"selections":[{"start":0,"end":1}]}}
2024-01-30 19:43:32.224 [debug] ExtHostNotebook#$acceptEditorPropertiesChanged 1617a637-0ebb-456a-acac-fb57a42ae688 {"visibleRanges":{"ranges":[{"start":0,"end":14}]}}
2024-01-30 19:43:32.329 [debug] ExtHostNotebook#$acceptEditorPropertiesChanged 1617a637-0ebb-456a-acac-fb57a42ae688 {"visibleRanges":{"ranges":[{"start":0,"end":13}]}}
2024-01-30 19:43:32.329 [debug] ExtHostNotebook#$acceptEditorPropertiesChanged 1617a637-0ebb-456a-acac-fb57a42ae688 {"visibleRanges":{"ranges":[{"start":0,"end":12}]}}
2024-01-30 19:43:32.329 [debug] ExtHostNotebook#$acceptEditorPropertiesChanged 1617a637-0ebb-456a-acac-fb57a42ae688 {"visibleRanges":{"ranges":[{"start":0,"end":11}]}}
2024-01-30 19:43:32.588 [debug] ExtHostNotebook#$acceptEditorPropertiesChanged 1617a637-0ebb-456a-acac-fb57a42ae688 {"visibleRanges":{"ranges":[{"start":0,"end":12}]}}
2024-01-30 19:43:32.602 [debug] ExtHostNotebook#$acceptEditorPropertiesChanged 1617a637-0ebb-456a-acac-fb57a42ae688 {"visibleRanges":{"ranges":[{"start":1,"end":12}]}}
2024-01-30 19:43:32.944 [debug] ExtHostNotebook#$acceptEditorPropertiesChanged 1617a637-0ebb-456a-acac-fb57a42ae688 {"visibleRanges":{"ranges":[{"start":2,"end":13}]}}
2024-01-30 19:43:32.967 [debug] ExtHostNotebook#$acceptEditorPropertiesChanged 1617a637-0ebb-456a-acac-fb57a42ae688 {"visibleRanges":{"ranges":[{"start":2,"end":14}]}}
2024-01-30 19:43:32.998 [debug] ExtHostNotebook#$acceptEditorPropertiesChanged 1617a637-0ebb-456a-acac-fb57a42ae688 {"visibleRanges":{"ranges":[{"start":2,"end":15}]}}
2024-01-30 19:43:33.025 [debug] ExtHostNotebook#$acceptEditorPropertiesChanged 1617a637-0ebb-456a-acac-fb57a42ae688 {"visibleRanges":{"ranges":[{"start":3,"end":15}]}}
2024-01-30 19:43:33.079 [debug] ExtHostNotebook#$acceptEditorPropertiesChanged 1617a637-0ebb-456a-acac-fb57a42ae688 {"visibleRanges":{"ranges":[{"start":4,"end":16}]}}
2024-01-30 19:43:33.638 [debug] ExtHostNotebook#$acceptEditorPropertiesChanged 1617a637-0ebb-456a-acac-fb57a42ae688 {"visibleRanges":{"ranges":[{"start":4,"end":17}]}}
2024-01-30 19:43:33.656 [debug] ExtHostNotebook#$acceptEditorPropertiesChanged 1617a637-0ebb-456a-acac-fb57a42ae688 {"visibleRanges":{"ranges":[{"start":5,"end":17}]}}
2024-01-30 19:43:33.669 [debug] ExtHostNotebook#$acceptEditorPropertiesChanged 1617a637-0ebb-456a-acac-fb57a42ae688 {"visibleRanges":{"ranges":[{"start":6,"end":18}]}}
2024-01-30 19:43:33.719 [debug] ExtHostNotebook#$acceptEditorPropertiesChanged 1617a637-0ebb-456a-acac-fb57a42ae688 {"visibleRanges":{"ranges":[{"start":7,"end":19}]}}
2024-01-30 19:43:34.087 [debug] ExtHostNotebook#$acceptEditorPropertiesChanged 1617a637-0ebb-456a-acac-fb57a42ae688 {"visibleRanges":{"ranges":[{"start":8,"end":20}]}}
2024-01-30 19:43:34.388 [debug] ExtHostNotebook#$acceptEditorPropertiesChanged 1617a637-0ebb-456a-acac-fb57a42ae688 {"visibleRanges":{"ranges":[{"start":8,"end":21}]}}
2024-01-30 19:43:34.429 [debug] ExtHostNotebook#$acceptEditorPropertiesChanged 1617a637-0ebb-456a-acac-fb57a42ae688 {"visibleRanges":{"ranges":[{"start":9,"end":22}]}}
2024-01-30 19:43:34.469 [debug] ExtHostNotebook#$acceptEditorPropertiesChanged 1617a637-0ebb-456a-acac-fb57a42ae688 {"visibleRanges":{"ranges":[{"start":10,"end":22}]}}
2024-01-30 19:43:34.892 [debug] ExtHostNotebook#$acceptEditorPropertiesChanged 1617a637-0ebb-456a-acac-fb57a42ae688 {"visibleRanges":{"ranges":[{"start":11,"end":22}]}}
2024-01-30 19:43:34.942 [debug] ExtHostNotebook#$acceptEditorPropertiesChanged 1617a637-0ebb-456a-acac-fb57a42ae688 {"visibleRanges":{"ranges":[{"start":11,"end":23}]}}
2024-01-30 19:43:35.315 [debug] ExtHostNotebook#$acceptEditorPropertiesChanged 1617a637-0ebb-456a-acac-fb57a42ae688 {"visibleRanges":{"ranges":[{"start":12,"end":24}]}}
2024-01-30 19:43:35.337 [debug] ExtHostNotebook#$acceptEditorPropertiesChanged 1617a637-0ebb-456a-acac-fb57a42ae688 {"visibleRanges":{"ranges":[{"start":13,"end":24}]}}
2024-01-30 19:43:35.681 [debug] ExtHostNotebook#$acceptEditorPropertiesChanged 1617a637-0ebb-456a-acac-fb57a42ae688 {"visibleRanges":{"ranges":[{"start":14,"end":24}]}}
2024-01-30 19:43:35.712 [debug] ExtHostNotebook#$acceptEditorPropertiesChanged 1617a637-0ebb-456a-acac-fb57a42ae688 {"visibleRanges":{"ranges":[{"start":15,"end":25}]}}
2024-01-30 19:43:35.749 [debug] ExtHostNotebook#$acceptEditorPropertiesChanged 1617a637-0ebb-456a-acac-fb57a42ae688 {"visibleRanges":{"ranges":[{"start":16,"end":25}]}}
2024-01-30 19:43:36.406 [debug] ExtHostNotebook#$acceptEditorPropertiesChanged 1617a637-0ebb-456a-acac-fb57a42ae688 {"visibleRanges":{"ranges":[{"start":16,"end":26}]}}
2024-01-30 19:43:36.429 [debug] ExtHostNotebook#$acceptEditorPropertiesChanged 1617a637-0ebb-456a-acac-fb57a42ae688 {"visibleRanges":{"ranges":[{"start":17,"end":27}]}}
2024-01-30 19:43:41.111 [debug] ExtHostNotebook#$acceptEditorPropertiesChanged 1617a637-0ebb-456a-acac-fb57a42ae688 {"visibleRanges":{"ranges":[{"start":16,"end":26}]}}
2024-01-30 19:43:41.132 [debug] ExtHostNotebook#$acceptEditorPropertiesChanged 1617a637-0ebb-456a-acac-fb57a42ae688 {"visibleRanges":{"ranges":[{"start":16,"end":25}]}}
2024-01-30 19:43:41.164 [debug] ExtHostNotebook#$acceptEditorPropertiesChanged 1617a637-0ebb-456a-acac-fb57a42ae688 {"visibleRanges":{"ranges":[{"start":15,"end":25}]}}
2024-01-30 19:43:41.191 [debug] ExtHostNotebook#$acceptEditorPropertiesChanged 1617a637-0ebb-456a-acac-fb57a42ae688 {"visibleRanges":{"ranges":[{"start":14,"end":24}]}}
2024-01-30 19:43:41.227 [debug] ExtHostNotebook#$acceptEditorPropertiesChanged 1617a637-0ebb-456a-acac-fb57a42ae688 {"visibleRanges":{"ranges":[{"start":13,"end":24}]}}
2024-01-30 19:43:41.591 [debug] ExtHostNotebook#$acceptEditorPropertiesChanged 1617a637-0ebb-456a-acac-fb57a42ae688 {"visibleRanges":{"ranges":[{"start":12,"end":24}]}}
2024-01-30 19:43:41.609 [debug] ExtHostNotebook#$acceptEditorPropertiesChanged 1617a637-0ebb-456a-acac-fb57a42ae688 {"visibleRanges":{"ranges":[{"start":11,"end":23}]}}
2024-01-30 19:43:41.651 [debug] ExtHostNotebook#$acceptEditorPropertiesChanged 1617a637-0ebb-456a-acac-fb57a42ae688 {"visibleRanges":{"ranges":[{"start":10,"end":22}]}}
2024-01-30 19:43:41.686 [debug] ExtHostNotebook#$acceptEditorPropertiesChanged 1617a637-0ebb-456a-acac-fb57a42ae688 {"visibleRanges":{"ranges":[{"start":9,"end":22}]}}
2024-01-30 19:43:42.837 [debug] ExtHostNotebook#$acceptEditorPropertiesChanged 1617a637-0ebb-456a-acac-fb57a42ae688 {"visibleRanges":{"ranges":[{"start":8,"end":21}]}}
2024-01-30 19:43:42.905 [debug] ExtHostNotebook#$acceptEditorPropertiesChanged 1617a637-0ebb-456a-acac-fb57a42ae688 {"visibleRanges":{"ranges":[{"start":8,"end":20}]}}
2024-01-30 19:43:43.352 [debug] ExtHostNotebook#$acceptEditorPropertiesChanged 1617a637-0ebb-456a-acac-fb57a42ae688 {"visibleRanges":{"ranges":[{"start":7,"end":19}]}}
2024-01-30 19:43:43.442 [debug] ExtHostNotebook#$acceptEditorPropertiesChanged 1617a637-0ebb-456a-acac-fb57a42ae688 {"visibleRanges":{"ranges":[{"start":6,"end":18}]}}
2024-01-30 19:44:07.498 [debug] ExtHostNotebook#$acceptEditorPropertiesChanged 1617a637-0ebb-456a-acac-fb57a42ae688 {"visibleRanges":{"ranges":[{"start":5,"end":17}]}}
2024-01-30 19:44:07.538 [debug] ExtHostNotebook#$acceptEditorPropertiesChanged 1617a637-0ebb-456a-acac-fb57a42ae688 {"visibleRanges":{"ranges":[{"start":4,"end":17}]}}
2024-01-30 19:44:07.574 [debug] ExtHostNotebook#$acceptEditorPropertiesChanged 1617a637-0ebb-456a-acac-fb57a42ae688 {"visibleRanges":{"ranges":[{"start":4,"end":16}]}}
2024-01-30 19:44:08.080 [debug] ExtHostNotebook#$acceptEditorPropertiesChanged 1617a637-0ebb-456a-acac-fb57a42ae688 {"visibleRanges":{"ranges":[{"start":3,"end":15}]}}
2024-01-30 19:44:08.098 [debug] ExtHostNotebook#$acceptEditorPropertiesChanged 1617a637-0ebb-456a-acac-fb57a42ae688 {"visibleRanges":{"ranges":[{"start":2,"end":15}]}}
2024-01-30 19:44:08.107 [debug] ExtHostNotebook#$acceptEditorPropertiesChanged 1617a637-0ebb-456a-acac-fb57a42ae688 {"visibleRanges":{"ranges":[{"start":2,"end":14}]}}
2024-01-30 19:44:08.161 [debug] ExtHostNotebook#$acceptEditorPropertiesChanged 1617a637-0ebb-456a-acac-fb57a42ae688 {"visibleRanges":{"ranges":[{"start":2,"end":13}]}}
2024-01-30 19:44:08.223 [debug] ExtHostNotebook#$acceptEditorPropertiesChanged 1617a637-0ebb-456a-acac-fb57a42ae688 {"visibleRanges":{"ranges":[{"start":1,"end":12}]}}
2024-01-30 19:44:08.758 [debug] ExtHostNotebook#$acceptEditorPropertiesChanged 1617a637-0ebb-456a-acac-fb57a42ae688 {"visibleRanges":{"ranges":[{"start":0,"end":12}]}}
2024-01-30 19:44:08.781 [debug] ExtHostNotebook#$acceptEditorPropertiesChanged 1617a637-0ebb-456a-acac-fb57a42ae688 {"visibleRanges":{"ranges":[{"start":0,"end":11}]}}
2024-01-30 19:44:16.626 [debug] ExtHostNotebook#$acceptEditorPropertiesChanged 7e6ca063-a0be-4c00-bac3-7736f51edce8 {"selections":{"selections":[{"start":0,"end":1}]}}
2024-01-30 19:44:16.626 [debug] ExtHostNotebook#$acceptEditorPropertiesChanged 7e6ca063-a0be-4c00-bac3-7736f51edce8 {"visibleRanges":{"ranges":[{"start":0,"end":11}]}}
2024-01-30 19:44:16.626 [debug] ExtHostNotebook#$acceptEditorPropertiesChanged 7e6ca063-a0be-4c00-bac3-7736f51edce8 {"selections":{"selections":[{"start":0,"end":1}]}}
2024-01-30 19:44:16.678 [debug] ExtHostNotebook#$acceptEditorPropertiesChanged 7e6ca063-a0be-4c00-bac3-7736f51edce8 {"visibleRanges":{"ranges":[{"start":0,"end":9}]}}
2024-01-30 19:44:18.764 [debug] ExtHostNotebook#$acceptEditorPropertiesChanged 3c04ad6d-a31f-446f-966e-0eb1f7947baf {"selections":{"selections":[{"start":0,"end":1}]}}
2024-01-30 19:44:18.764 [debug] ExtHostNotebook#$acceptEditorPropertiesChanged 3c04ad6d-a31f-446f-966e-0eb1f7947baf {"visibleRanges":{"ranges":[{"start":0,"end":5}]}}
2024-01-30 19:44:18.765 [debug] ExtHostNotebook#$acceptEditorPropertiesChanged 3c04ad6d-a31f-446f-966e-0eb1f7947baf {"selections":{"selections":[{"start":0,"end":1}]}}
2024-01-30 19:44:19.401 [debug] ExtHostNotebook#$acceptEditorPropertiesChanged 3c04ad6d-a31f-446f-966e-0eb1f7947baf {"visibleRanges":{"ranges":[{"start":1,"end":6}]}}
2024-01-30 19:44:19.433 [debug] ExtHostNotebook#$acceptEditorPropertiesChanged 3c04ad6d-a31f-446f-966e-0eb1f7947baf {"visibleRanges":{"ranges":[{"start":2,"end":6}]}}
2024-01-30 19:44:19.789 [debug] ExtHostNotebook#$acceptEditorPropertiesChanged 3c04ad6d-a31f-446f-966e-0eb1f7947baf {"visibleRanges":{"ranges":[{"start":3,"end":7}]}}
2024-01-30 19:44:19.806 [debug] ExtHostNotebook#$acceptEditorPropertiesChanged 3c04ad6d-a31f-446f-966e-0eb1f7947baf {"visibleRanges":{"ranges":[{"start":3,"end":8}]}}
2024-01-30 19:44:19.819 [debug] ExtHostNotebook#$acceptEditorPropertiesChanged 3c04ad6d-a31f-446f-966e-0eb1f7947baf {"visibleRanges":{"ranges":[{"start":4,"end":8}]}}
2024-01-30 19:44:20.306 [debug] ExtHostNotebook#$acceptEditorPropertiesChanged 3c04ad6d-a31f-446f-966e-0eb1f7947baf {"visibleRanges":{"ranges":[{"start":4,"end":9}]}}
2024-01-30 19:44:20.409 [debug] ExtHostNotebook#$acceptEditorPropertiesChanged 3c04ad6d-a31f-446f-966e-0eb1f7947baf {"visibleRanges":{"ranges":[{"start":4,"end":10}]}}
2024-01-30 19:44:21.784 [debug] ExtHostNotebook#$acceptEditorPropertiesChanged 3c04ad6d-a31f-446f-966e-0eb1f7947baf {"visibleRanges":{"ranges":[{"start":4,"end":9}]}}
2024-01-30 19:44:21.877 [debug] ExtHostNotebook#$acceptEditorPropertiesChanged 3c04ad6d-a31f-446f-966e-0eb1f7947baf {"visibleRanges":{"ranges":[{"start":4,"end":8}]}}
2024-01-30 19:45:41.898 [debug] ExtHostNotebook#$acceptEditorPropertiesChanged 3c04ad6d-a31f-446f-966e-0eb1f7947baf {"visibleRanges":{"ranges":[{"start":4,"end":9}]}}
2024-01-30 19:45:41.952 [debug] ExtHostNotebook#$acceptEditorPropertiesChanged 3c04ad6d-a31f-446f-966e-0eb1f7947baf {"visibleRanges":{"ranges":[{"start":4,"end":10}]}}
2024-01-30 19:45:42.388 [debug] ExtHostNotebook#$acceptEditorPropertiesChanged 3c04ad6d-a31f-446f-966e-0eb1f7947baf {"visibleRanges":{"ranges":[{"start":4,"end":11}]}}
2024-01-30 19:45:43.851 [debug] ExtHostNotebook#$acceptEditorPropertiesChanged 3c04ad6d-a31f-446f-966e-0eb1f7947baf {"visibleRanges":{"ranges":[{"start":4,"end":12}]}}
2024-01-30 19:46:25.584 [debug] ExtHostNotebook#$acceptEditorPropertiesChanged 3c04ad6d-a31f-446f-966e-0eb1f7947baf {"visibleRanges":{"ranges":[{"start":4,"end":11}]}}
2024-01-30 19:46:25.682 [debug] ExtHostNotebook#$acceptEditorPropertiesChanged 3c04ad6d-a31f-446f-966e-0eb1f7947baf {"visibleRanges":{"ranges":[{"start":4,"end":10}]}}
2024-01-30 19:46:26.137 [debug] ExtHostNotebook#$acceptEditorPropertiesChanged 3c04ad6d-a31f-446f-966e-0eb1f7947baf {"visibleRanges":{"ranges":[{"start":4,"end":9}]}}
2024-01-30 19:46:26.550 [debug] ExtHostNotebook#$acceptEditorPropertiesChanged 3c04ad6d-a31f-446f-966e-0eb1f7947baf {"visibleRanges":{"ranges":[{"start":4,"end":8}]}}
2024-01-30 19:46:27.228 [debug] ExtHostNotebook#$acceptEditorPropertiesChanged 3c04ad6d-a31f-446f-966e-0eb1f7947baf {"visibleRanges":{"ranges":[{"start":3,"end":8}]}}
2024-01-30 19:46:27.683 [debug] ExtHostNotebook#$acceptEditorPropertiesChanged 3c04ad6d-a31f-446f-966e-0eb1f7947baf {"visibleRanges":{"ranges":[{"start":3,"end":7}]}}
2024-01-30 19:46:27.710 [debug] ExtHostNotebook#$acceptEditorPropertiesChanged 3c04ad6d-a31f-446f-966e-0eb1f7947baf {"visibleRanges":{"ranges":[{"start":2,"end":6}]}}
2024-01-30 19:46:28.350 [debug] ExtHostNotebook#$acceptEditorPropertiesChanged 3c04ad6d-a31f-446f-966e-0eb1f7947baf {"visibleRanges":{"ranges":[{"start":1,"end":6}]}}
2024-01-30 19:46:28.400 [debug] ExtHostNotebook#$acceptEditorPropertiesChanged 3c04ad6d-a31f-446f-966e-0eb1f7947baf {"visibleRanges":{"ranges":[{"start":0,"end":5}]}}
2024-01-30 19:46:29.574 [debug] ExtHostNotebook#$acceptEditorPropertiesChanged 3c04ad6d-a31f-446f-966e-0eb1f7947baf {"visibleRanges":{"ranges":[{"start":1,"end":6}]}}
2024-01-30 19:46:29.942 [debug] ExtHostNotebook#$acceptEditorPropertiesChanged 3c04ad6d-a31f-446f-966e-0eb1f7947baf {"visibleRanges":{"ranges":[{"start":2,"end":6}]}}
2024-01-30 19:46:30.023 [debug] ExtHostNotebook#$acceptEditorPropertiesChanged 3c04ad6d-a31f-446f-966e-0eb1f7947baf {"visibleRanges":{"ranges":[{"start":3,"end":7}]}}
2024-01-30 19:46:30.061 [debug] ExtHostNotebook#$acceptEditorPropertiesChanged 3c04ad6d-a31f-446f-966e-0eb1f7947baf {"visibleRanges":{"ranges":[{"start":3,"end":8}]}}
2024-01-30 19:46:30.363 [debug] ExtHostNotebook#$acceptEditorPropertiesChanged 3c04ad6d-a31f-446f-966e-0eb1f7947baf {"visibleRanges":{"ranges":[{"start":4,"end":8}]}}
2024-01-30 19:46:30.423 [debug] ExtHostNotebook#$acceptEditorPropertiesChanged 3c04ad6d-a31f-446f-966e-0eb1f7947baf {"visibleRanges":{"ranges":[{"start":4,"end":9}]}}
2024-01-30 19:46:30.857 [debug] ExtHostNotebook#$acceptEditorPropertiesChanged 3c04ad6d-a31f-446f-966e-0eb1f7947baf {"visibleRanges":{"ranges":[{"start":4,"end":10}]}}
2024-01-30 19:46:31.592 [debug] ExtHostNotebook#$acceptEditorPropertiesChanged 3c04ad6d-a31f-446f-966e-0eb1f7947baf {"visibleRanges":{"ranges":[{"start":4,"end":11}]}}
2024-01-30 19:46:31.642 [debug] ExtHostNotebook#$acceptEditorPropertiesChanged 3c04ad6d-a31f-446f-966e-0eb1f7947baf {"visibleRanges":{"ranges":[{"start":4,"end":12}]}}
2024-01-30 19:46:32.432 [debug] ExtHostNotebook#$acceptEditorPropertiesChanged 3c04ad6d-a31f-446f-966e-0eb1f7947baf {"visibleRanges":{"ranges":[{"start":5,"end":12}]}}
2024-01-30 19:46:32.472 [debug] ExtHostNotebook#$acceptEditorPropertiesChanged 3c04ad6d-a31f-446f-966e-0eb1f7947baf {"visibleRanges":{"ranges":[{"start":5,"end":13}]}}
2024-01-30 19:46:32.526 [debug] ExtHostNotebook#$acceptEditorPropertiesChanged 3c04ad6d-a31f-446f-966e-0eb1f7947baf {"visibleRanges":{"ranges":[{"start":5,"end":14}]}}
2024-01-30 19:48:26.591 [debug] ExtHostNotebook#$acceptEditorPropertiesChanged 3c04ad6d-a31f-446f-966e-0eb1f7947baf {"visibleRanges":{"ranges":[{"start":5,"end":13}]}}
2024-01-30 19:48:26.654 [debug] ExtHostNotebook#$acceptEditorPropertiesChanged 3c04ad6d-a31f-446f-966e-0eb1f7947baf {"visibleRanges":{"ranges":[{"start":5,"end":12}]}}
2024-01-30 19:48:26.674 [debug] ExtHostNotebook#$acceptEditorPropertiesChanged 3c04ad6d-a31f-446f-966e-0eb1f7947baf {"visibleRanges":{"ranges":[{"start":4,"end":12}]}}
2024-01-30 19:48:26.733 [debug] ExtHostNotebook#$acceptEditorPropertiesChanged 3c04ad6d-a31f-446f-966e-0eb1f7947baf {"visibleRanges":{"ranges":[{"start":4,"end":11}]}}
2024-01-30 19:48:27.200 [debug] ExtHostNotebook#$acceptEditorPropertiesChanged 3c04ad6d-a31f-446f-966e-0eb1f7947baf {"visibleRanges":{"ranges":[{"start":4,"end":10}]}}
2024-01-30 19:48:27.281 [debug] ExtHostNotebook#$acceptEditorPropertiesChanged 3c04ad6d-a31f-446f-966e-0eb1f7947baf {"visibleRanges":{"ranges":[{"start":4,"end":9}]}}
2024-01-30 19:48:30.667 [debug] ExtHostNotebook#$acceptEditorPropertiesChanged 3c04ad6d-a31f-446f-966e-0eb1f7947baf {"visibleRanges":{"ranges":[{"start":4,"end":10}]}}
2024-01-30 19:48:31.004 [debug] ExtHostNotebook#$acceptEditorPropertiesChanged 3c04ad6d-a31f-446f-966e-0eb1f7947baf {"visibleRanges":{"ranges":[{"start":4,"end":11}]}}
2024-01-30 19:48:31.014 [debug] ExtHostNotebook#$acceptEditorPropertiesChanged 3c04ad6d-a31f-446f-966e-0eb1f7947baf {"visibleRanges":{"ranges":[{"start":4,"end":12}]}}
2024-01-30 19:48:31.337 [debug] ExtHostNotebook#$acceptEditorPropertiesChanged 3c04ad6d-a31f-446f-966e-0eb1f7947baf {"visibleRanges":{"ranges":[{"start":5,"end":12}]}}
2024-01-30 19:48:31.348 [debug] ExtHostNotebook#$acceptEditorPropertiesChanged 3c04ad6d-a31f-446f-966e-0eb1f7947baf {"visibleRanges":{"ranges":[{"start":5,"end":13}]}}
2024-01-30 19:48:31.379 [debug] ExtHostNotebook#$acceptEditorPropertiesChanged 3c04ad6d-a31f-446f-966e-0eb1f7947baf {"visibleRanges":{"ranges":[{"start":5,"end":14}]}}
2024-01-30 19:48:31.665 [debug] ExtHostNotebook#$acceptEditorPropertiesChanged 3c04ad6d-a31f-446f-966e-0eb1f7947baf {"visibleRanges":{"ranges":[{"start":5,"end":15}]}}
2024-01-30 19:48:31.692 [debug] ExtHostNotebook#$acceptEditorPropertiesChanged 3c04ad6d-a31f-446f-966e-0eb1f7947baf {"visibleRanges":{"ranges":[{"start":6,"end":15}]}}
2024-01-30 19:48:31.702 [debug] ExtHostNotebook#$acceptEditorPropertiesChanged 3c04ad6d-a31f-446f-966e-0eb1f7947baf {"visibleRanges":{"ranges":[{"start":7,"end":16}]}}
2024-01-30 19:48:31.733 [debug] ExtHostNotebook#$acceptEditorPropertiesChanged 3c04ad6d-a31f-446f-966e-0eb1f7947baf {"visibleRanges":{"ranges":[{"start":7,"end":17}]}}
2024-01-30 19:48:32.110 [debug] ExtHostNotebook#$acceptEditorPropertiesChanged 3c04ad6d-a31f-446f-966e-0eb1f7947baf {"visibleRanges":{"ranges":[{"start":8,"end":18}]}}
2024-01-30 19:48:32.124 [debug] ExtHostNotebook#$acceptEditorPropertiesChanged 3c04ad6d-a31f-446f-966e-0eb1f7947baf {"visibleRanges":{"ranges":[{"start":9,"end":18}]}}
2024-01-30 19:48:32.137 [debug] ExtHostNotebook#$acceptEditorPropertiesChanged 3c04ad6d-a31f-446f-966e-0eb1f7947baf {"visibleRanges":{"ranges":[{"start":9,"end":19}]}}
2024-01-30 19:48:32.446 [debug] ExtHostNotebook#$acceptEditorPropertiesChanged 3c04ad6d-a31f-446f-966e-0eb1f7947baf {"visibleRanges":{"ranges":[{"start":9,"end":20}]}}
2024-01-30 19:48:32.460 [debug] ExtHostNotebook#$acceptEditorPropertiesChanged 3c04ad6d-a31f-446f-966e-0eb1f7947baf {"visibleRanges":{"ranges":[{"start":10,"end":20}]}}
2024-01-30 19:48:32.487 [debug] ExtHostNotebook#$acceptEditorPropertiesChanged 3c04ad6d-a31f-446f-966e-0eb1f7947baf {"visibleRanges":{"ranges":[{"start":11,"end":21}]}}
2024-01-30 19:48:32.497 [debug] ExtHostNotebook#$acceptEditorPropertiesChanged 3c04ad6d-a31f-446f-966e-0eb1f7947baf {"visibleRanges":{"ranges":[{"start":11,"end":22}]}}
2024-01-30 19:48:32.880 [debug] ExtHostNotebook#$acceptEditorPropertiesChanged 3c04ad6d-a31f-446f-966e-0eb1f7947baf {"visibleRanges":{"ranges":[{"start":12,"end":23}]}}
2024-01-30 19:48:33.245 [debug] ExtHostNotebook#$acceptEditorPropertiesChanged 3c04ad6d-a31f-446f-966e-0eb1f7947baf {"visibleRanges":{"ranges":[{"start":13,"end":23}]}}
2024-01-30 19:48:33.325 [debug] ExtHostNotebook#$acceptEditorPropertiesChanged 3c04ad6d-a31f-446f-966e-0eb1f7947baf {"visibleRanges":{"ranges":[{"start":13,"end":24}]}}
2024-01-30 19:55:25.306 [debug] ExtHostNotebook#$acceptEditorPropertiesChanged 3c04ad6d-a31f-446f-966e-0eb1f7947baf {"visibleRanges":{"ranges":[{"start":13,"end":25}]}}
2024-01-30 19:55:25.307 [debug] ExtHostNotebook#$acceptEditorPropertiesChanged 3c04ad6d-a31f-446f-966e-0eb1f7947baf {"visibleRanges":{"ranges":[{"start":14,"end":25}]}}
2024-01-30 19:55:25.333 [debug] ExtHostNotebook#$acceptEditorPropertiesChanged 3c04ad6d-a31f-446f-966e-0eb1f7947baf {"visibleRanges":{"ranges":[{"start":15,"end":25}]}}
2024-01-30 19:55:25.716 [debug] ExtHostNotebook#$acceptEditorPropertiesChanged 3c04ad6d-a31f-446f-966e-0eb1f7947baf {"visibleRanges":{"ranges":[{"start":16,"end":26}]}}
2024-01-30 19:55:25.737 [debug] ExtHostNotebook#$acceptEditorPropertiesChanged 3c04ad6d-a31f-446f-966e-0eb1f7947baf {"visibleRanges":{"ranges":[{"start":17,"end":26}]}}
2024-01-30 19:55:26.119 [debug] ExtHostNotebook#$acceptEditorPropertiesChanged 3c04ad6d-a31f-446f-966e-0eb1f7947baf {"visibleRanges":{"ranges":[{"start":18,"end":26}]}}
2024-01-30 19:55:26.734 [debug] ExtHostNotebook#$acceptEditorPropertiesChanged 3c04ad6d-a31f-446f-966e-0eb1f7947baf {"visibleRanges":{"ranges":[{"start":18,"end":27}]}}
2024-01-30 19:55:26.801 [debug] ExtHostNotebook#$acceptEditorPropertiesChanged 3c04ad6d-a31f-446f-966e-0eb1f7947baf {"visibleRanges":{"ranges":[{"start":18,"end":28}]}}
2024-01-30 19:55:27.157 [debug] ExtHostNotebook#$acceptEditorPropertiesChanged 3c04ad6d-a31f-446f-966e-0eb1f7947baf {"visibleRanges":{"ranges":[{"start":19,"end":28}]}}
2024-01-30 19:55:27.170 [debug] ExtHostNotebook#$acceptEditorPropertiesChanged 3c04ad6d-a31f-446f-966e-0eb1f7947baf {"visibleRanges":{"ranges":[{"start":20,"end":29}]}}
2024-01-30 19:55:27.188 [debug] ExtHostNotebook#$acceptEditorPropertiesChanged 3c04ad6d-a31f-446f-966e-0eb1f7947baf {"visibleRanges":{"ranges":[{"start":21,"end":29}]}}
2024-01-30 19:55:27.229 [debug] ExtHostNotebook#$acceptEditorPropertiesChanged 3c04ad6d-a31f-446f-966e-0eb1f7947baf {"visibleRanges":{"ranges":[{"start":21,"end":30}]}}
2024-01-30 19:55:27.273 [debug] ExtHostNotebook#$acceptEditorPropertiesChanged 3c04ad6d-a31f-446f-966e-0eb1f7947baf {"visibleRanges":{"ranges":[{"start":22,"end":31}]}}
2024-01-30 19:55:27.539 [debug] ExtHostNotebook#$acceptEditorPropertiesChanged 3c04ad6d-a31f-446f-966e-0eb1f7947baf {"visibleRanges":{"ranges":[{"start":21,"end":30}]}}
2024-01-30 19:55:27.583 [debug] ExtHostNotebook#$acceptEditorPropertiesChanged 3c04ad6d-a31f-446f-966e-0eb1f7947baf {"visibleRanges":{"ranges":[{"start":22,"end":31}]}}
2024-01-30 19:55:27.598 [debug] ExtHostNotebook#$acceptEditorPropertiesChanged 3c04ad6d-a31f-446f-966e-0eb1f7947baf {"visibleRanges":{"ranges":[{"start":24,"end":32}]}}
2024-01-30 19:55:27.859 [debug] ExtHostNotebook#$acceptEditorPropertiesChanged 3c04ad6d-a31f-446f-966e-0eb1f7947baf {"visibleRanges":{"ranges":[{"start":24,"end":33}]}}
2024-01-30 19:55:27.920 [debug] ExtHostNotebook#$acceptEditorPropertiesChanged 3c04ad6d-a31f-446f-966e-0eb1f7947baf {"visibleRanges":{"ranges":[{"start":25,"end":33}]}}
2024-01-30 19:55:27.938 [debug] ExtHostNotebook#$acceptEditorPropertiesChanged 3c04ad6d-a31f-446f-966e-0eb1f7947baf {"visibleRanges":{"ranges":[{"start":25,"end":34}]}}
2024-01-30 19:55:27.970 [debug] ExtHostNotebook#$acceptEditorPropertiesChanged 3c04ad6d-a31f-446f-966e-0eb1f7947baf {"visibleRanges":{"ranges":[{"start":25,"end":35}]}}
2024-01-30 19:55:28.250 [debug] ExtHostNotebook#$acceptEditorPropertiesChanged 3c04ad6d-a31f-446f-966e-0eb1f7947baf {"visibleRanges":{"ranges":[{"start":25,"end":36}]}}
2024-01-30 19:55:28.272 [debug] ExtHostNotebook#$acceptEditorPropertiesChanged 3c04ad6d-a31f-446f-966e-0eb1f7947baf {"visibleRanges":{"ranges":[{"start":26,"end":36}]}}
2024-01-30 19:55:28.290 [debug] ExtHostNotebook#$acceptEditorPropertiesChanged 3c04ad6d-a31f-446f-966e-0eb1f7947baf {"visibleRanges":{"ranges":[{"start":27,"end":37}]}}
2024-01-30 19:55:29.201 [debug] ExtHostNotebook#$acceptEditorPropertiesChanged 3c04ad6d-a31f-446f-966e-0eb1f7947baf {"visibleRanges":{"ranges":[{"start":28,"end":38}]}}
2024-01-30 19:55:30.984 [debug] ExtHostNotebook#$acceptEditorPropertiesChanged 3c04ad6d-a31f-446f-966e-0eb1f7947baf {"visibleRanges":{"ranges":[{"start":27,"end":37}]}}
2024-01-30 19:58:45.783 [debug] ExtHostNotebook#$acceptEditorPropertiesChanged 3c04ad6d-a31f-446f-966e-0eb1f7947baf {"visibleRanges":{"ranges":[{"start":28,"end":38}]}}
2024-01-30 19:58:46.168 [debug] ExtHostNotebook#$acceptEditorPropertiesChanged 3c04ad6d-a31f-446f-966e-0eb1f7947baf {"visibleRanges":{"ranges":[{"start":29,"end":38}]}}
2024-01-30 19:58:46.177 [debug] ExtHostNotebook#$acceptEditorPropertiesChanged 3c04ad6d-a31f-446f-966e-0eb1f7947baf {"visibleRanges":{"ranges":[{"start":30,"end":39}]}}
2024-01-30 19:58:46.281 [debug] ExtHostNotebook#$acceptEditorPropertiesChanged 3c04ad6d-a31f-446f-966e-0eb1f7947baf {"visibleRanges":{"ranges":[{"start":31,"end":40}]}}
2024-01-30 19:58:46.569 [debug] ExtHostNotebook#$acceptEditorPropertiesChanged 3c04ad6d-a31f-446f-966e-0eb1f7947baf {"visibleRanges":{"ranges":[{"start":32,"end":41}]}}
2024-01-30 19:58:47.121 [debug] ExtHostNotebook#$acceptEditorPropertiesChanged 3c04ad6d-a31f-446f-966e-0eb1f7947baf {"visibleRanges":{"ranges":[{"start":33,"end":41}]}}
2024-01-30 19:58:47.134 [debug] ExtHostNotebook#$acceptEditorPropertiesChanged 3c04ad6d-a31f-446f-966e-0eb1f7947baf {"visibleRanges":{"ranges":[{"start":34,"end":41}]}}
2024-01-30 19:58:47.201 [debug] ExtHostNotebook#$acceptEditorPropertiesChanged 3c04ad6d-a31f-446f-966e-0eb1f7947baf {"visibleRanges":{"ranges":[{"start":35,"end":41}]}}
2024-01-30 19:58:47.454 [debug] ExtHostNotebook#$acceptEditorPropertiesChanged 3c04ad6d-a31f-446f-966e-0eb1f7947baf {"visibleRanges":{"ranges":[{"start":36,"end":41}]}}
2024-01-30 19:58:47.485 [debug] ExtHostNotebook#$acceptEditorPropertiesChanged 3c04ad6d-a31f-446f-966e-0eb1f7947baf {"visibleRanges":{"ranges":[{"start":37,"end":41}]}}
2024-01-30 19:58:47.791 [debug] ExtHostNotebook#$acceptEditorPropertiesChanged 3c04ad6d-a31f-446f-966e-0eb1f7947baf {"visibleRanges":{"ranges":[{"start":38,"end":42}]}}
2024-01-30 19:58:47.806 [debug] ExtHostNotebook#$acceptEditorPropertiesChanged 3c04ad6d-a31f-446f-966e-0eb1f7947baf {"visibleRanges":{"ranges":[{"start":39,"end":42}]}}
2024-01-30 19:58:47.836 [debug] ExtHostNotebook#$acceptEditorPropertiesChanged 3c04ad6d-a31f-446f-966e-0eb1f7947baf {"visibleRanges":{"ranges":[{"start":39,"end":43}]}}
2024-01-30 19:58:48.106 [debug] ExtHostNotebook#$acceptEditorPropertiesChanged 3c04ad6d-a31f-446f-966e-0eb1f7947baf {"visibleRanges":{"ranges":[{"start":40,"end":44}]}}
2024-01-30 19:58:48.138 [debug] ExtHostNotebook#$acceptEditorPropertiesChanged 3c04ad6d-a31f-446f-966e-0eb1f7947baf {"visibleRanges":{"ranges":[{"start":40,"end":45}]}}
2024-01-30 19:58:48.155 [debug] ExtHostNotebook#$acceptEditorPropertiesChanged 3c04ad6d-a31f-446f-966e-0eb1f7947baf {"visibleRanges":{"ranges":[{"start":40,"end":46}]}}
2024-01-30 19:58:48.446 [debug] ExtHostNotebook#$acceptEditorPropertiesChanged 3c04ad6d-a31f-446f-966e-0eb1f7947baf {"visibleRanges":{"ranges":[{"start":40,"end":47}]}}
2024-01-30 19:58:48.497 [debug] ExtHostNotebook#$acceptEditorPropertiesChanged 3c04ad6d-a31f-446f-966e-0eb1f7947baf {"visibleRanges":{"ranges":[{"start":40,"end":48}]}}
2024-01-30 19:58:48.847 [debug] ExtHostNotebook#$acceptEditorPropertiesChanged 3c04ad6d-a31f-446f-966e-0eb1f7947baf {"visibleRanges":{"ranges":[{"start":40,"end":49}]}}
2024-01-30 19:58:48.899 [debug] ExtHostNotebook#$acceptEditorPropertiesChanged 3c04ad6d-a31f-446f-966e-0eb1f7947baf {"visibleRanges":{"ranges":[{"start":41,"end":50}]}}
2024-01-30 19:58:48.921 [debug] ExtHostNotebook#$acceptEditorPropertiesChanged 3c04ad6d-a31f-446f-966e-0eb1f7947baf {"visibleRanges":{"ranges":[{"start":41,"end":51}]}}
2024-01-30 19:58:49.198 [debug] ExtHostNotebook#$acceptEditorPropertiesChanged 3c04ad6d-a31f-446f-966e-0eb1f7947baf {"visibleRanges":{"ranges":[{"start":42,"end":51}]}}
2024-01-30 19:58:49.215 [debug] ExtHostNotebook#$acceptEditorPropertiesChanged 3c04ad6d-a31f-446f-966e-0eb1f7947baf {"visibleRanges":{"ranges":[{"start":42,"end":52}]}}
2024-01-30 19:58:49.238 [debug] ExtHostNotebook#$acceptEditorPropertiesChanged 3c04ad6d-a31f-446f-966e-0eb1f7947baf {"visibleRanges":{"ranges":[{"start":43,"end":52}]}}
2024-01-30 19:58:49.256 [debug] ExtHostNotebook#$acceptEditorPropertiesChanged 3c04ad6d-a31f-446f-966e-0eb1f7947baf {"visibleRanges":{"ranges":[{"start":43,"end":54}]}}
2024-01-30 19:58:49.287 [debug] ExtHostNotebook#$acceptEditorPropertiesChanged 3c04ad6d-a31f-446f-966e-0eb1f7947baf {"visibleRanges":{"ranges":[{"start":44,"end":54}]}}
2024-01-30 19:58:49.319 [debug] ExtHostNotebook#$acceptEditorPropertiesChanged 3c04ad6d-a31f-446f-966e-0eb1f7947baf {"visibleRanges":{"ranges":[{"start":45,"end":54}]}}
2024-01-30 19:58:49.548 [debug] ExtHostNotebook#$acceptEditorPropertiesChanged 3c04ad6d-a31f-446f-966e-0eb1f7947baf {"visibleRanges":{"ranges":[{"start":45,"end":55}]}}
2024-01-30 19:58:49.574 [debug] ExtHostNotebook#$acceptEditorPropertiesChanged 3c04ad6d-a31f-446f-966e-0eb1f7947baf {"visibleRanges":{"ranges":[{"start":46,"end":55}]}}
2024-01-30 19:58:49.606 [debug] ExtHostNotebook#$acceptEditorPropertiesChanged 3c04ad6d-a31f-446f-966e-0eb1f7947baf {"visibleRanges":{"ranges":[{"start":47,"end":56}]}}
2024-01-30 19:58:49.637 [debug] ExtHostNotebook#$acceptEditorPropertiesChanged 3c04ad6d-a31f-446f-966e-0eb1f7947baf {"visibleRanges":{"ranges":[{"start":47,"end":57}]}}
2024-01-30 19:58:49.894 [debug] ExtHostNotebook#$acceptEditorPropertiesChanged 3c04ad6d-a31f-446f-966e-0eb1f7947baf {"visibleRanges":{"ranges":[{"start":48,"end":58}]}}
2024-01-30 19:58:49.939 [debug] ExtHostNotebook#$acceptEditorPropertiesChanged 3c04ad6d-a31f-446f-966e-0eb1f7947baf {"visibleRanges":{"ranges":[{"start":49,"end":59}]}}
2024-01-30 19:58:49.961 [debug] ExtHostNotebook#$acceptEditorPropertiesChanged 3c04ad6d-a31f-446f-966e-0eb1f7947baf {"visibleRanges":{"ranges":[{"start":50,"end":59}]}}
2024-01-30 19:58:50.227 [debug] ExtHostNotebook#$acceptEditorPropertiesChanged 3c04ad6d-a31f-446f-966e-0eb1f7947baf {"visibleRanges":{"ranges":[{"start":50,"end":60}]}}
2024-01-30 19:58:50.241 [debug] ExtHostNotebook#$acceptEditorPropertiesChanged 3c04ad6d-a31f-446f-966e-0eb1f7947baf {"visibleRanges":{"ranges":[{"start":50,"end":61}]}}
2024-01-30 19:58:50.263 [debug] ExtHostNotebook#$acceptEditorPropertiesChanged 3c04ad6d-a31f-446f-966e-0eb1f7947baf {"visibleRanges":{"ranges":[{"start":52,"end":62}]}}
2024-01-30 19:58:50.281 [debug] ExtHostNotebook#$acceptEditorPropertiesChanged 3c04ad6d-a31f-446f-966e-0eb1f7947baf {"visibleRanges":{"ranges":[{"start":53,"end":63}]}}
2024-01-30 19:58:50.321 [debug] ExtHostNotebook#$acceptEditorPropertiesChanged 3c04ad6d-a31f-446f-966e-0eb1f7947baf {"visibleRanges":{"ranges":[{"start":53,"end":64}]}}
2024-01-30 19:58:50.551 [debug] ExtHostNotebook#$acceptEditorPropertiesChanged 3c04ad6d-a31f-446f-966e-0eb1f7947baf {"visibleRanges":{"ranges":[{"start":54,"end":64}]}}
2024-01-30 19:58:50.581 [debug] ExtHostNotebook#$acceptEditorPropertiesChanged 3c04ad6d-a31f-446f-966e-0eb1f7947baf {"visibleRanges":{"ranges":[{"start":54,"end":65}]}}
2024-01-30 19:58:50.598 [debug] ExtHostNotebook#$acceptEditorPropertiesChanged 3c04ad6d-a31f-446f-966e-0eb1f7947baf {"visibleRanges":{"ranges":[{"start":54,"end":66}]}}
2024-01-30 19:58:50.614 [debug] ExtHostNotebook#$acceptEditorPropertiesChanged 3c04ad6d-a31f-446f-966e-0eb1f7947baf {"visibleRanges":{"ranges":[{"start":55,"end":67}]}}
2024-01-30 19:58:50.641 [debug] ExtHostNotebook#$acceptEditorPropertiesChanged 3c04ad6d-a31f-446f-966e-0eb1f7947baf {"visibleRanges":{"ranges":[{"start":56,"end":68}]}}
2024-01-30 19:58:50.896 [debug] ExtHostNotebook#$acceptEditorPropertiesChanged 3c04ad6d-a31f-446f-966e-0eb1f7947baf {"visibleRanges":{"ranges":[{"start":57,"end":69}]}}
2024-01-30 19:58:50.959 [debug] ExtHostNotebook#$acceptEditorPropertiesChanged 3c04ad6d-a31f-446f-966e-0eb1f7947baf {"visibleRanges":{"ranges":[{"start":57,"end":70}]}}
2024-01-30 19:58:50.959 [debug] ExtHostNotebook#$acceptEditorPropertiesChanged 3c04ad6d-a31f-446f-966e-0eb1f7947baf {"visibleRanges":{"ranges":[{"start":58,"end":71}]}}
2024-01-30 19:58:50.986 [debug] ExtHostNotebook#$acceptEditorPropertiesChanged 3c04ad6d-a31f-446f-966e-0eb1f7947baf {"visibleRanges":{"ranges":[{"start":58,"end":72}]}}
2024-01-30 19:58:51.402 [debug] ExtHostNotebook#$acceptEditorPropertiesChanged 3c04ad6d-a31f-446f-966e-0eb1f7947baf {"visibleRanges":{"ranges":[{"start":59,"end":72}]}}
2024-01-30 19:58:51.426 [debug] ExtHostNotebook#$acceptEditorPropertiesChanged 3c04ad6d-a31f-446f-966e-0eb1f7947baf {"visibleRanges":{"ranges":[{"start":60,"end":72}]}}
2024-01-30 19:58:51.455 [debug] ExtHostNotebook#$acceptEditorPropertiesChanged 3c04ad6d-a31f-446f-966e-0eb1f7947baf {"visibleRanges":{"ranges":[{"start":61,"end":73}]}}
2024-01-30 19:58:51.765 [debug] ExtHostNotebook#$acceptEditorPropertiesChanged 3c04ad6d-a31f-446f-966e-0eb1f7947baf {"visibleRanges":{"ranges":[{"start":62,"end":74}]}}
2024-01-30 19:58:51.793 [debug] ExtHostNotebook#$acceptEditorPropertiesChanged 3c04ad6d-a31f-446f-966e-0eb1f7947baf {"visibleRanges":{"ranges":[{"start":63,"end":74}]}}
2024-01-30 19:58:51.806 [debug] ExtHostNotebook#$acceptEditorPropertiesChanged 3c04ad6d-a31f-446f-966e-0eb1f7947baf {"visibleRanges":{"ranges":[{"start":64,"end":74}]}}
2024-01-30 19:58:51.824 [debug] ExtHostNotebook#$acceptEditorPropertiesChanged 3c04ad6d-a31f-446f-966e-0eb1f7947baf {"visibleRanges":{"ranges":[{"start":64,"end":75}]}}
2024-01-30 19:58:51.842 [debug] ExtHostNotebook#$acceptEditorPropertiesChanged 3c04ad6d-a31f-446f-966e-0eb1f7947baf {"visibleRanges":{"ranges":[{"start":65,"end":75}]}}
2024-01-30 19:58:52.134 [debug] ExtHostNotebook#$acceptEditorPropertiesChanged 3c04ad6d-a31f-446f-966e-0eb1f7947baf {"visibleRanges":{"ranges":[{"start":66,"end":75}]}}
2024-01-30 19:58:52.206 [debug] ExtHostNotebook#$acceptEditorPropertiesChanged 3c04ad6d-a31f-446f-966e-0eb1f7947baf {"visibleRanges":{"ranges":[{"start":67,"end":75}]}}
2024-01-30 19:58:52.537 [debug] ExtHostNotebook#$acceptEditorPropertiesChanged 3c04ad6d-a31f-446f-966e-0eb1f7947baf {"visibleRanges":{"ranges":[{"start":68,"end":75}]}}
2024-01-30 19:58:52.573 [debug] ExtHostNotebook#$acceptEditorPropertiesChanged 3c04ad6d-a31f-446f-966e-0eb1f7947baf {"visibleRanges":{"ranges":[{"start":69,"end":75}]}}
2024-01-30 19:58:52.605 [debug] ExtHostNotebook#$acceptEditorPropertiesChanged 3c04ad6d-a31f-446f-966e-0eb1f7947baf {"visibleRanges":{"ranges":[{"start":70,"end":75}]}}
2024-01-30 20:00:41.442 [debug] ExtHostNotebook#$acceptEditorPropertiesChanged 3c04ad6d-a31f-446f-966e-0eb1f7947baf {"visibleRanges":{"ranges":[{"start":71,"end":75}]}}
2024-01-30 20:00:42.031 [debug] ExtHostNotebook#$acceptEditorPropertiesChanged 3c04ad6d-a31f-446f-966e-0eb1f7947baf {"visibleRanges":{"ranges":[{"start":70,"end":75}]}}
2024-01-30 20:00:42.073 [debug] ExtHostNotebook#$acceptEditorPropertiesChanged 3c04ad6d-a31f-446f-966e-0eb1f7947baf {"visibleRanges":{"ranges":[{"start":69,"end":75}]}}
2024-01-30 20:00:42.086 [debug] ExtHostNotebook#$acceptEditorPropertiesChanged 3c04ad6d-a31f-446f-966e-0eb1f7947baf {"visibleRanges":{"ranges":[{"start":68,"end":75}]}}
2024-01-30 20:00:42.112 [debug] ExtHostNotebook#$acceptEditorPropertiesChanged 3c04ad6d-a31f-446f-966e-0eb1f7947baf {"visibleRanges":{"ranges":[{"start":67,"end":75}]}}
2024-01-30 20:00:42.370 [debug] ExtHostNotebook#$acceptEditorPropertiesChanged 3c04ad6d-a31f-446f-966e-0eb1f7947baf {"visibleRanges":{"ranges":[{"start":66,"end":75}]}}
2024-01-30 20:00:42.413 [debug] ExtHostNotebook#$acceptEditorPropertiesChanged 3c04ad6d-a31f-446f-966e-0eb1f7947baf {"visibleRanges":{"ranges":[{"start":65,"end":75}]}}
2024-01-30 20:00:42.441 [debug] ExtHostNotebook#$acceptEditorPropertiesChanged 3c04ad6d-a31f-446f-966e-0eb1f7947baf {"visibleRanges":{"ranges":[{"start":64,"end":75}]}}
2024-01-30 20:00:42.454 [debug] ExtHostNotebook#$acceptEditorPropertiesChanged 3c04ad6d-a31f-446f-966e-0eb1f7947baf {"visibleRanges":{"ranges":[{"start":64,"end":74}]}}
2024-01-30 20:00:42.746 [debug] ExtHostNotebook#$acceptEditorPropertiesChanged 3c04ad6d-a31f-446f-966e-0eb1f7947baf {"visibleRanges":{"ranges":[{"start":63,"end":74}]}}
2024-01-30 20:00:42.769 [debug] ExtHostNotebook#$acceptEditorPropertiesChanged 3c04ad6d-a31f-446f-966e-0eb1f7947baf {"visibleRanges":{"ranges":[{"start":62,"end":74}]}}
2024-01-30 20:00:42.791 [debug] ExtHostNotebook#$acceptEditorPropertiesChanged 3c04ad6d-a31f-446f-966e-0eb1f7947baf {"visibleRanges":{"ranges":[{"start":61,"end":73}]}}
2024-01-30 20:00:42.818 [debug] ExtHostNotebook#$acceptEditorPropertiesChanged 3c04ad6d-a31f-446f-966e-0eb1f7947baf {"visibleRanges":{"ranges":[{"start":60,"end":72}]}}
2024-01-30 20:00:43.134 [debug] ExtHostNotebook#$acceptEditorPropertiesChanged 3c04ad6d-a31f-446f-966e-0eb1f7947baf {"visibleRanges":{"ranges":[{"start":59,"end":72}]}}
2024-01-30 20:00:43.152 [debug] ExtHostNotebook#$acceptEditorPropertiesChanged 3c04ad6d-a31f-446f-966e-0eb1f7947baf {"visibleRanges":{"ranges":[{"start":58,"end":72}]}}
2024-01-30 20:00:43.170 [debug] ExtHostNotebook#$acceptEditorPropertiesChanged 3c04ad6d-a31f-446f-966e-0eb1f7947baf {"visibleRanges":{"ranges":[{"start":58,"end":71}]}}
2024-01-30 20:00:43.179 [debug] ExtHostNotebook#$acceptEditorPropertiesChanged 3c04ad6d-a31f-446f-966e-0eb1f7947baf {"visibleRanges":{"ranges":[{"start":58,"end":70}]}}
2024-01-30 20:00:43.206 [debug] ExtHostNotebook#$acceptEditorPropertiesChanged 3c04ad6d-a31f-446f-966e-0eb1f7947baf {"visibleRanges":{"ranges":[{"start":57,"end":70}]}}
2024-01-30 20:00:43.459 [debug] ExtHostNotebook#$acceptEditorPropertiesChanged 3c04ad6d-a31f-446f-966e-0eb1f7947baf {"visibleRanges":{"ranges":[{"start":57,"end":69}]}}
2024-01-30 20:00:43.521 [debug] ExtHostNotebook#$acceptEditorPropertiesChanged 3c04ad6d-a31f-446f-966e-0eb1f7947baf {"visibleRanges":{"ranges":[{"start":55,"end":67}]}}
2024-01-30 20:00:43.575 [debug] ExtHostNotebook#$acceptEditorPropertiesChanged 3c04ad6d-a31f-446f-966e-0eb1f7947baf {"visibleRanges":{"ranges":[{"start":54,"end":66}]}}
2024-01-30 20:00:43.575 [debug] ExtHostNotebook#$acceptEditorPropertiesChanged 3c04ad6d-a31f-446f-966e-0eb1f7947baf {"visibleRanges":{"ranges":[{"start":54,"end":65}]}}
2024-01-30 20:00:43.881 [debug] ExtHostNotebook#$acceptEditorPropertiesChanged 3c04ad6d-a31f-446f-966e-0eb1f7947baf {"visibleRanges":{"ranges":[{"start":54,"end":64}]}}
2024-01-30 20:00:43.905 [debug] ExtHostNotebook#$acceptEditorPropertiesChanged 3c04ad6d-a31f-446f-966e-0eb1f7947baf {"visibleRanges":{"ranges":[{"start":53,"end":64}]}}
2024-01-30 20:00:43.921 [debug] ExtHostNotebook#$acceptEditorPropertiesChanged 3c04ad6d-a31f-446f-966e-0eb1f7947baf {"visibleRanges":{"ranges":[{"start":53,"end":63}]}}
2024-01-30 20:00:43.953 [debug] ExtHostNotebook#$acceptEditorPropertiesChanged 3c04ad6d-a31f-446f-966e-0eb1f7947baf {"visibleRanges":{"ranges":[{"start":52,"end":62}]}}
2024-01-30 20:00:43.961 [debug] ExtHostNotebook#$acceptEditorPropertiesChanged 3c04ad6d-a31f-446f-966e-0eb1f7947baf {"visibleRanges":{"ranges":[{"start":51,"end":62}]}}
2024-01-30 20:00:43.988 [debug] ExtHostNotebook#$acceptEditorPropertiesChanged 3c04ad6d-a31f-446f-966e-0eb1f7947baf {"visibleRanges":{"ranges":[{"start":50,"end":61}]}}
2024-01-30 20:00:44.278 [debug] ExtHostNotebook#$acceptEditorPropertiesChanged 3c04ad6d-a31f-446f-966e-0eb1f7947baf {"visibleRanges":{"ranges":[{"start":50,"end":60}]}}
2024-01-30 20:00:44.297 [debug] ExtHostNotebook#$acceptEditorPropertiesChanged 3c04ad6d-a31f-446f-966e-0eb1f7947baf {"visibleRanges":{"ranges":[{"start":50,"end":59}]}}
2024-01-30 20:00:44.328 [debug] ExtHostNotebook#$acceptEditorPropertiesChanged 3c04ad6d-a31f-446f-966e-0eb1f7947baf {"visibleRanges":{"ranges":[{"start":49,"end":59}]}}
2024-01-30 20:00:44.359 [debug] ExtHostNotebook#$acceptEditorPropertiesChanged 3c04ad6d-a31f-446f-966e-0eb1f7947baf {"visibleRanges":{"ranges":[{"start":48,"end":58}]}}
2024-01-30 20:00:44.647 [debug] ExtHostNotebook#$acceptEditorPropertiesChanged 3c04ad6d-a31f-446f-966e-0eb1f7947baf {"visibleRanges":{"ranges":[{"start":47,"end":57}]}}
2024-01-30 20:00:44.666 [debug] ExtHostNotebook#$acceptEditorPropertiesChanged 3c04ad6d-a31f-446f-966e-0eb1f7947baf {"visibleRanges":{"ranges":[{"start":47,"end":56}]}}
2024-01-30 20:00:44.707 [debug] ExtHostNotebook#$acceptEditorPropertiesChanged 3c04ad6d-a31f-446f-966e-0eb1f7947baf {"visibleRanges":{"ranges":[{"start":46,"end":56}]}}
2024-01-30 20:00:44.724 [debug] ExtHostNotebook#$acceptEditorPropertiesChanged 3c04ad6d-a31f-446f-966e-0eb1f7947baf {"visibleRanges":{"ranges":[{"start":46,"end":55}]}}
2024-01-30 20:00:44.733 [debug] ExtHostNotebook#$acceptEditorPropertiesChanged 3c04ad6d-a31f-446f-966e-0eb1f7947baf {"visibleRanges":{"ranges":[{"start":45,"end":55}]}}
2024-01-30 20:00:44.746 [debug] ExtHostNotebook#$acceptEditorPropertiesChanged 3c04ad6d-a31f-446f-966e-0eb1f7947baf {"visibleRanges":{"ranges":[{"start":45,"end":54}]}}
2024-01-30 20:00:44.766 [debug] ExtHostNotebook#$acceptEditorPropertiesChanged 3c04ad6d-a31f-446f-966e-0eb1f7947baf {"visibleRanges":{"ranges":[{"start":44,"end":54}]}}
2024-01-30 20:00:45.511 [debug] ExtHostNotebook#$acceptEditorPropertiesChanged 3c04ad6d-a31f-446f-966e-0eb1f7947baf {"visibleRanges":{"ranges":[{"start":43,"end":54}]}}
2024-01-30 20:00:45.561 [debug] ExtHostNotebook#$acceptEditorPropertiesChanged 3c04ad6d-a31f-446f-966e-0eb1f7947baf {"visibleRanges":{"ranges":[{"start":43,"end":53}]}}
2024-01-30 20:00:45.593 [debug] ExtHostNotebook#$acceptEditorPropertiesChanged 3c04ad6d-a31f-446f-966e-0eb1f7947baf {"visibleRanges":{"ranges":[{"start":43,"end":52}]}}
2024-01-30 20:00:46.429 [debug] ExtHostNotebook#$acceptEditorPropertiesChanged 3c04ad6d-a31f-446f-966e-0eb1f7947baf {"visibleRanges":{"ranges":[{"start":42,"end":52}]}}
2024-01-30 20:00:46.947 [debug] ExtHostNotebook#$acceptEditorPropertiesChanged 3c04ad6d-a31f-446f-966e-0eb1f7947baf {"visibleRanges":{"ranges":[{"start":42,"end":51}]}}
2024-01-30 20:00:46.987 [debug] ExtHostNotebook#$acceptEditorPropertiesChanged 3c04ad6d-a31f-446f-966e-0eb1f7947baf {"visibleRanges":{"ranges":[{"start":41,"end":51}]}}
2024-01-30 20:00:47.005 [debug] ExtHostNotebook#$acceptEditorPropertiesChanged 3c04ad6d-a31f-446f-966e-0eb1f7947baf {"visibleRanges":{"ranges":[{"start":41,"end":50}]}}
2024-01-30 20:00:47.036 [debug] ExtHostNotebook#$acceptEditorPropertiesChanged 3c04ad6d-a31f-446f-966e-0eb1f7947baf {"visibleRanges":{"ranges":[{"start":40,"end":49}]}}
2024-01-30 20:00:47.557 [debug] ExtHostNotebook#$acceptEditorPropertiesChanged 3c04ad6d-a31f-446f-966e-0eb1f7947baf {"visibleRanges":{"ranges":[{"start":40,"end":48}]}}
2024-01-30 20:00:47.602 [debug] ExtHostNotebook#$acceptEditorPropertiesChanged 3c04ad6d-a31f-446f-966e-0eb1f7947baf {"visibleRanges":{"ranges":[{"start":40,"end":47}]}}
2024-01-30 20:00:48.084 [debug] ExtHostNotebook#$acceptEditorPropertiesChanged 3c04ad6d-a31f-446f-966e-0eb1f7947baf {"visibleRanges":{"ranges":[{"start":40,"end":46}]}}
2024-01-30 20:00:48.134 [debug] ExtHostNotebook#$acceptEditorPropertiesChanged 3c04ad6d-a31f-446f-966e-0eb1f7947baf {"visibleRanges":{"ranges":[{"start":40,"end":45}]}}
2024-01-30 20:00:48.595 [debug] ExtHostNotebook#$acceptEditorPropertiesChanged 3c04ad6d-a31f-446f-966e-0eb1f7947baf {"visibleRanges":{"ranges":[{"start":40,"end":44}]}}
2024-01-30 20:00:48.699 [debug] ExtHostNotebook#$acceptEditorPropertiesChanged 3c04ad6d-a31f-446f-966e-0eb1f7947baf {"visibleRanges":{"ranges":[{"start":40,"end":43}]}}
2024-01-30 20:00:48.722 [debug] ExtHostNotebook#$acceptEditorPropertiesChanged 3c04ad6d-a31f-446f-966e-0eb1f7947baf {"visibleRanges":{"ranges":[{"start":39,"end":43}]}}
2024-01-30 20:00:49.239 [debug] ExtHostNotebook#$acceptEditorPropertiesChanged 3c04ad6d-a31f-446f-966e-0eb1f7947baf {"visibleRanges":{"ranges":[{"start":39,"end":42}]}}
2024-01-30 20:00:49.297 [debug] ExtHostNotebook#$acceptEditorPropertiesChanged 3c04ad6d-a31f-446f-966e-0eb1f7947baf {"visibleRanges":{"ranges":[{"start":38,"end":42}]}}
2024-01-30 20:00:49.369 [debug] ExtHostNotebook#$acceptEditorPropertiesChanged 3c04ad6d-a31f-446f-966e-0eb1f7947baf {"visibleRanges":{"ranges":[{"start":38,"end":41}]}}
2024-01-30 20:00:49.858 [debug] ExtHostNotebook#$acceptEditorPropertiesChanged 3c04ad6d-a31f-446f-966e-0eb1f7947baf {"visibleRanges":{"ranges":[{"start":37,"end":41}]}}
2024-01-30 20:00:49.943 [debug] ExtHostNotebook#$acceptEditorPropertiesChanged 3c04ad6d-a31f-446f-966e-0eb1f7947baf {"visibleRanges":{"ranges":[{"start":36,"end":41}]}}
2024-01-30 20:00:50.627 [debug] ExtHostNotebook#$acceptEditorPropertiesChanged 3c04ad6d-a31f-446f-966e-0eb1f7947baf {"visibleRanges":{"ranges":[{"start":35,"end":41}]}}
2024-01-30 20:00:50.738 [debug] ExtHostNotebook#$acceptEditorPropertiesChanged 3c04ad6d-a31f-446f-966e-0eb1f7947baf {"visibleRanges":{"ranges":[{"start":34,"end":41}]}}
2024-01-30 20:00:51.319 [debug] ExtHostNotebook#$acceptEditorPropertiesChanged 3c04ad6d-a31f-446f-966e-0eb1f7947baf {"visibleRanges":{"ranges":[{"start":33,"end":41}]}}
2024-01-30 20:00:51.342 [debug] ExtHostNotebook#$acceptEditorPropertiesChanged 3c04ad6d-a31f-446f-966e-0eb1f7947baf {"visibleRanges":{"ranges":[{"start":32,"end":41}]}}
2024-01-30 20:00:51.801 [debug] ExtHostNotebook#$acceptEditorPropertiesChanged 3c04ad6d-a31f-446f-966e-0eb1f7947baf {"visibleRanges":{"ranges":[{"start":31,"end":40}]}}
2024-01-30 20:00:52.197 [debug] ExtHostNotebook#$acceptEditorPropertiesChanged 3c04ad6d-a31f-446f-966e-0eb1f7947baf {"visibleRanges":{"ranges":[{"start":30,"end":39}]}}
2024-01-30 20:00:52.256 [debug] ExtHostNotebook#$acceptEditorPropertiesChanged 3c04ad6d-a31f-446f-966e-0eb1f7947baf {"visibleRanges":{"ranges":[{"start":29,"end":38}]}}
2024-01-30 20:00:52.273 [debug] ExtHostNotebook#$acceptEditorPropertiesChanged 3c04ad6d-a31f-446f-966e-0eb1f7947baf {"visibleRanges":{"ranges":[{"start":28,"end":38}]}}
2024-01-30 20:00:52.723 [debug] ExtHostNotebook#$acceptEditorPropertiesChanged 3c04ad6d-a31f-446f-966e-0eb1f7947baf {"visibleRanges":{"ranges":[{"start":27,"end":37}]}}
2024-01-30 20:00:52.854 [debug] ExtHostNotebook#$acceptEditorPropertiesChanged 3c04ad6d-a31f-446f-966e-0eb1f7947baf {"visibleRanges":{"ranges":[{"start":27,"end":36}]}}
2024-01-30 20:00:52.867 [debug] ExtHostNotebook#$acceptEditorPropertiesChanged 3c04ad6d-a31f-446f-966e-0eb1f7947baf {"visibleRanges":{"ranges":[{"start":26,"end":36}]}}
2024-01-30 20:00:52.894 [debug] ExtHostNotebook#$acceptEditorPropertiesChanged 3c04ad6d-a31f-446f-966e-0eb1f7947baf {"visibleRanges":{"ranges":[{"start":25,"end":36}]}}
2024-01-30 20:00:52.921 [debug] ExtHostNotebook#$acceptEditorPropertiesChanged 3c04ad6d-a31f-446f-966e-0eb1f7947baf {"visibleRanges":{"ranges":[{"start":25,"end":35}]}}
2024-01-30 20:01:04.943 [debug] ExtHostNotebook#$acceptEditorPropertiesChanged 36145e5c-b47a-4ba3-8125-813bf4f80942 {"selections":{"selections":[{"start":0,"end":1}]}}
2024-01-30 20:01:04.944 [debug] ExtHostNotebook#$acceptEditorPropertiesChanged 36145e5c-b47a-4ba3-8125-813bf4f80942 {"visibleRanges":{"ranges":[{"start":0,"end":14}]}}
2024-01-30 20:01:04.944 [debug] ExtHostNotebook#$acceptEditorPropertiesChanged 36145e5c-b47a-4ba3-8125-813bf4f80942 {"selections":{"selections":[{"start":0,"end":1}]}}
2024-01-30 20:01:05.134 [debug] ExtHostNotebook#$acceptEditorPropertiesChanged 36145e5c-b47a-4ba3-8125-813bf4f80942 {"visibleRanges":{"ranges":[{"start":0,"end":13}]}}
2024-01-30 20:01:05.134 [debug] ExtHostNotebook#$acceptEditorPropertiesChanged 36145e5c-b47a-4ba3-8125-813bf4f80942 {"visibleRanges":{"ranges":[{"start":0,"end":12}]}}
2024-01-30 20:01:05.134 [debug] ExtHostNotebook#$acceptEditorPropertiesChanged 36145e5c-b47a-4ba3-8125-813bf4f80942 {"visibleRanges":{"ranges":[{"start":0,"end":11}]}}
2024-01-30 20:11:37.884 [debug] ProxyResolver#resolveProxy unconfigured https://default.exp-tas.com/vscode/ab DIRECT 
2024-01-30 20:41:37.885 [debug] ProxyResolver#resolveProxy unconfigured https://default.exp-tas.com/vscode/ab DIRECT 
2024-01-30 21:11:37.885 [debug] ProxyResolver#resolveProxy unconfigured https://default.exp-tas.com/vscode/ab DIRECT 
2024-01-30 21:41:37.885 [debug] ProxyResolver#resolveProxy unconfigured https://default.exp-tas.com/vscode/ab DIRECT 
2024-01-30 22:11:37.885 [debug] ProxyResolver#resolveProxy unconfigured https://default.exp-tas.com/vscode/ab DIRECT 
2024-01-30 22:41:37.887 [debug] ProxyResolver#resolveProxy unconfigured https://default.exp-tas.com/vscode/ab DIRECT 
